2020-10-20 17:45:41 INFO  [springAppName_IS_UNDEFINED,,,] main org.springframework.context.support.PostProcessorRegistrationDelegate$BeanPostProcessorChecker Bean 'org.springframework.cloud.autoconfigure.ConfigurationPropertiesRebinderAutoConfiguration' of type [org.springframework.cloud.autoconfigure.ConfigurationPropertiesRebinderAutoConfiguration$$EnhancerBySpringCGLIB$$9c3fee6c] is not eligible for getting processed by all BeanPostProcessors (for example: not eligible for auto-proxying)
2020-10-20 17:45:41 INFO  [FEBS-Server-System,,,] main com.cxf.febs.server.system.FebsServerSystemApplication No active profile set, falling back to default profiles: default
2020-10-20 17:45:42 INFO  [FEBS-Server-System,,,] main org.springframework.data.repository.config.RepositoryConfigurationDelegate Multiple Spring Data modules found, entering strict repository configuration mode!
2020-10-20 17:45:42 INFO  [FEBS-Server-System,,,] main org.springframework.data.repository.config.RepositoryConfigurationDelegate Bootstrapping Spring Data repositories in DEFAULT mode.
2020-10-20 17:45:42 INFO  [FEBS-Server-System,,,] main org.springframework.data.repository.config.RepositoryConfigurationDelegate Finished Spring Data repository scanning in 11ms. Found 0 repository interfaces.
2020-10-20 17:45:43 INFO  [FEBS-Server-System,,,] main org.springframework.cloud.context.scope.GenericScope BeanFactory id=6112b1ac-7592-3bba-870b-4acb9a719133
2020-10-20 17:45:43 INFO  [FEBS-Server-System,,,] main org.springframework.context.support.PostProcessorRegistrationDelegate$BeanPostProcessorChecker Bean 'org.springframework.transaction.annotation.ProxyTransactionManagementConfiguration' of type [org.springframework.transaction.annotation.ProxyTransactionManagementConfiguration$$EnhancerBySpringCGLIB$$8025eb6f] is not eligible for getting processed by all BeanPostProcessors (for example: not eligible for auto-proxying)
2020-10-20 17:45:43 INFO  [FEBS-Server-System,,,] main org.springframework.context.support.PostProcessorRegistrationDelegate$BeanPostProcessorChecker Bean 'spring.datasource.dynamic-com.baomidou.dynamic.datasource.spring.boot.autoconfigure.DynamicDataSourceProperties' of type [com.baomidou.dynamic.datasource.spring.boot.autoconfigure.DynamicDataSourceProperties] is not eligible for getting processed by all BeanPostProcessors (for example: not eligible for auto-proxying)
2020-10-20 17:45:43 INFO  [FEBS-Server-System,,,] main org.springframework.context.support.PostProcessorRegistrationDelegate$BeanPostProcessorChecker Bean 'com.baomidou.dynamic.datasource.spring.boot.autoconfigure.DynamicDataSourceAutoConfiguration' of type [com.baomidou.dynamic.datasource.spring.boot.autoconfigure.DynamicDataSourceAutoConfiguration$$EnhancerBySpringCGLIB$$e9b45c40] is not eligible for getting processed by all BeanPostProcessors (for example: not eligible for auto-proxying)
2020-10-20 17:45:43 INFO  [FEBS-Server-System,,,] main org.springframework.context.support.PostProcessorRegistrationDelegate$BeanPostProcessorChecker Bean 'dsProcessor' of type [com.baomidou.dynamic.datasource.processor.DsHeaderProcessor] is not eligible for getting processed by all BeanPostProcessors (for example: not eligible for auto-proxying)
2020-10-20 17:45:43 INFO  [FEBS-Server-System,,,] main org.springframework.context.support.PostProcessorRegistrationDelegate$BeanPostProcessorChecker Bean 'dynamicDatasourceAnnotationAdvisor' of type [com.baomidou.dynamic.datasource.aop.DynamicDataSourceAnnotationAdvisor] is not eligible for getting processed by all BeanPostProcessors (for example: not eligible for auto-proxying)
2020-10-20 17:45:43 INFO  [FEBS-Server-System,,,] main org.springframework.context.support.PostProcessorRegistrationDelegate$BeanPostProcessorChecker Bean 'org.springframework.security.config.annotation.configuration.ObjectPostProcessorConfiguration' of type [org.springframework.security.config.annotation.configuration.ObjectPostProcessorConfiguration$$EnhancerBySpringCGLIB$$18d3b3a9] is not eligible for getting processed by all BeanPostProcessors (for example: not eligible for auto-proxying)
2020-10-20 17:45:43 INFO  [FEBS-Server-System,,,] main org.springframework.context.support.PostProcessorRegistrationDelegate$BeanPostProcessorChecker Bean 'objectPostProcessor' of type [org.springframework.security.config.annotation.configuration.AutowireBeanFactoryObjectPostProcessor] is not eligible for getting processed by all BeanPostProcessors (for example: not eligible for auto-proxying)
2020-10-20 17:45:43 INFO  [FEBS-Server-System,,,] main org.springframework.context.support.PostProcessorRegistrationDelegate$BeanPostProcessorChecker Bean 'org.springframework.security.access.expression.method.DefaultMethodSecurityExpressionHandler@30508066' of type [org.springframework.security.oauth2.provider.expression.OAuth2MethodSecurityExpressionHandler] is not eligible for getting processed by all BeanPostProcessors (for example: not eligible for auto-proxying)
2020-10-20 17:45:43 INFO  [FEBS-Server-System,,,] main org.springframework.context.support.PostProcessorRegistrationDelegate$BeanPostProcessorChecker Bean 'org.springframework.security.config.annotation.method.configuration.GlobalMethodSecurityConfiguration' of type [org.springframework.security.config.annotation.method.configuration.GlobalMethodSecurityConfiguration$$EnhancerBySpringCGLIB$$3da8565b] is not eligible for getting processed by all BeanPostProcessors (for example: not eligible for auto-proxying)
2020-10-20 17:45:43 INFO  [FEBS-Server-System,,,] main org.springframework.context.support.PostProcessorRegistrationDelegate$BeanPostProcessorChecker Bean 'methodSecurityMetadataSource' of type [org.springframework.security.access.method.DelegatingMethodSecurityMetadataSource] is not eligible for getting processed by all BeanPostProcessors (for example: not eligible for auto-proxying)
2020-10-20 17:45:43 INFO  [FEBS-Server-System,,,] main org.springframework.context.support.PostProcessorRegistrationDelegate$BeanPostProcessorChecker Bean 'org.springframework.cloud.autoconfigure.ConfigurationPropertiesRebinderAutoConfiguration' of type [org.springframework.cloud.autoconfigure.ConfigurationPropertiesRebinderAutoConfiguration$$EnhancerBySpringCGLIB$$9c3fee6c] is not eligible for getting processed by all BeanPostProcessors (for example: not eligible for auto-proxying)
2020-10-20 17:45:43 INFO  [FEBS-Server-System,,,] main org.springframework.context.support.PostProcessorRegistrationDelegate$BeanPostProcessorChecker Bean 'org.springframework.cloud.sleuth.instrument.web.client.TraceWebClientAutoConfiguration$TraceOAuthConfiguration' of type [org.springframework.cloud.sleuth.instrument.web.client.TraceWebClientAutoConfiguration$TraceOAuthConfiguration$$EnhancerBySpringCGLIB$$c5227dce] is not eligible for getting processed by all BeanPostProcessors (for example: not eligible for auto-proxying)
2020-10-20 17:45:44 INFO  [FEBS-Server-System,,,] main org.springframework.boot.web.embedded.tomcat.TomcatWebServer Tomcat initialized with port(s): 8201 (http)
2020-10-20 17:45:44 INFO  [FEBS-Server-System,,,] main org.apache.coyote.http11.Http11NioProtocol Initializing ProtocolHandler ["http-nio-8201"]
2020-10-20 17:45:44 INFO  [FEBS-Server-System,,,] main org.apache.catalina.core.StandardService Starting service [Tomcat]
2020-10-20 17:45:44 INFO  [FEBS-Server-System,,,] main org.apache.catalina.core.StandardEngine Starting Servlet engine: [Apache Tomcat/9.0.21]
2020-10-20 17:45:44 INFO  [FEBS-Server-System,,,] main org.apache.catalina.core.AprLifecycleListener Loaded APR based Apache Tomcat Native library [1.2.23] using APR version [1.7.0].
2020-10-20 17:45:44 INFO  [FEBS-Server-System,,,] main org.apache.catalina.core.AprLifecycleListener APR capabilities: IPv6 [true], sendfile [true], accept filters [false], random [true].
2020-10-20 17:45:44 INFO  [FEBS-Server-System,,,] main org.apache.catalina.core.AprLifecycleListener APR/OpenSSL configuration: useAprConnector [false], useOpenSSL [true]
2020-10-20 17:45:44 INFO  [FEBS-Server-System,,,] main org.apache.catalina.core.AprLifecycleListener OpenSSL successfully initialized [OpenSSL 1.1.1c  28 May 2019]
2020-10-20 17:45:44 INFO  [FEBS-Server-System,,,] main org.apache.catalina.core.ContainerBase.[Tomcat].[localhost].[/] Initializing Spring embedded WebApplicationContext
2020-10-20 17:45:44 INFO  [FEBS-Server-System,,,] main org.springframework.web.context.ContextLoader Root WebApplicationContext: initialization completed in 2355 ms
2020-10-20 17:45:44 INFO  [FEBS-Server-System,,,] main com.netflix.config.sources.URLConfigurationSource To enable URLs as dynamic configuration sources, define System property archaius.configurationSource.additionalUrls or make config.properties available on classpath.
2020-10-20 17:45:44 INFO  [FEBS-Server-System,,,] main com.netflix.config.DynamicPropertyFactory DynamicPropertyFactory is initialized with configuration sources: com.netflix.config.ConcurrentCompositeConfiguration@21a6a494
2020-10-20 17:45:45 INFO  [FEBS-Server-System,,,] main com.baomidou.dynamic.datasource.DynamicRoutingDataSource 动态数据源-检测到并开启了p6spy
2020-10-20 17:45:45 INFO  [FEBS-Server-System,,,] main com.zaxxer.hikari.HikariDataSource base - Starting...
2020-10-20 17:45:45 INFO  [FEBS-Server-System,,,] main com.zaxxer.hikari.HikariDataSource base - Start completed.
2020-10-20 17:45:45 INFO  [FEBS-Server-System,,,] main com.baomidou.dynamic.datasource.DynamicRoutingDataSource 初始共加载 1 个数据源
2020-10-20 17:45:45 INFO  [FEBS-Server-System,,,] main com.baomidou.dynamic.datasource.DynamicRoutingDataSource 动态数据源-加载 base 成功
2020-10-20 17:45:45 INFO  [FEBS-Server-System,,,] main com.baomidou.dynamic.datasource.DynamicRoutingDataSource 当前的默认数据源是单数据源，数据源名为 base
2020-10-20 17:45:47 INFO  [FEBS-Server-System,,,] main org.springframework.boot.actuate.endpoint.web.ServletEndpointRegistrar Registered '/actuator/jolokia' to jolokia-actuator-endpoint
2020-10-20 17:45:48 INFO  [FEBS-Server-System,,,] main org.springframework.boot.actuate.endpoint.web.EndpointLinksResolver Exposing 20 endpoint(s) beneath base path '/actuator'
2020-10-20 17:45:48 INFO  [FEBS-Server-System,,,] main springfox.documentation.spring.web.PropertySourcedRequestMappingHandlerMapping Mapped URL path [/v2/api-docs] onto method [public org.springframework.http.ResponseEntity<springfox.documentation.spring.web.json.Json> springfox.documentation.swagger2.web.Swagger2Controller.getDocumentation(java.lang.String,javax.servlet.http.HttpServletRequest)]
2020-10-20 17:45:48 INFO  [FEBS-Server-System,,,] main com.netflix.config.sources.URLConfigurationSource To enable URLs as dynamic configuration sources, define System property archaius.configurationSource.additionalUrls or make config.properties available on classpath.
2020-10-20 17:45:49 INFO  [FEBS-Server-System,,,] main org.springframework.scheduling.concurrent.ThreadPoolTaskExecutor Initializing ExecutorService 'applicationTaskExecutor'
2020-10-20 17:45:49 INFO  [FEBS-Server-System,,,] main org.springframework.scheduling.concurrent.ThreadPoolTaskScheduler Initializing ExecutorService
2020-10-20 17:45:49 INFO  [FEBS-Server-System,,,] main org.springframework.boot.autoconfigure.security.servlet.UserDetailsServiceAutoConfiguration 

Using generated security password: 6967aa75-e4cb-448f-8948-eed9760bfcb2

2020-10-20 17:45:49 INFO  [FEBS-Server-System,,,] main org.springframework.security.web.DefaultSecurityFilterChain Creating filter chain: OrRequestMatcher [requestMatchers=[Ant [pattern='/**']]], [org.springframework.security.web.context.request.async.WebAsyncManagerIntegrationFilter@674d2b8b, org.springframework.security.web.context.SecurityContextPersistenceFilter@2c6d442d, org.springframework.security.web.header.HeaderWriterFilter@6aed4a23, org.springframework.security.web.authentication.logout.LogoutFilter@2512155e, org.springframework.security.oauth2.provider.authentication.OAuth2AuthenticationProcessingFilter@4c1fed69, org.springframework.security.web.savedrequest.RequestCacheAwareFilter@47bbf44d, org.springframework.security.web.servletapi.SecurityContextHolderAwareRequestFilter@2a9f7572, org.springframework.security.web.authentication.AnonymousAuthenticationFilter@399a5a52, org.springframework.security.web.session.SessionManagementFilter@7207f3c2, org.springframework.security.web.access.ExceptionTranslationFilter@33d2f9d3, org.springframework.security.web.access.intercept.FilterSecurityInterceptor@3b7dd173]
2020-10-20 17:45:51 INFO  [FEBS-Server-System,,,] main org.springframework.cloud.netflix.eureka.InstanceInfoFactory Setting initial instance status as: STARTING
2020-10-20 17:45:51 INFO  [FEBS-Server-System,,,] main com.netflix.discovery.DiscoveryClient Initializing Eureka in region us-east-1
2020-10-20 17:45:51 INFO  [FEBS-Server-System,,,] main com.netflix.discovery.provider.DiscoveryJerseyProvider Using JSON encoding codec LegacyJacksonJson
2020-10-20 17:45:51 INFO  [FEBS-Server-System,,,] main com.netflix.discovery.provider.DiscoveryJerseyProvider Using JSON decoding codec LegacyJacksonJson
2020-10-20 17:45:51 INFO  [FEBS-Server-System,,,] main com.netflix.discovery.provider.DiscoveryJerseyProvider Using XML encoding codec XStreamXml
2020-10-20 17:45:51 INFO  [FEBS-Server-System,,,] main com.netflix.discovery.provider.DiscoveryJerseyProvider Using XML decoding codec XStreamXml
2020-10-20 17:45:51 INFO  [FEBS-Server-System,,,] main com.netflix.discovery.shared.resolver.aws.ConfigClusterResolver Resolving eureka endpoints via configuration
2020-10-20 17:45:51 INFO  [FEBS-Server-System,,,] main com.netflix.discovery.DiscoveryClient Disable delta property : false
2020-10-20 17:45:51 INFO  [FEBS-Server-System,,,] main com.netflix.discovery.DiscoveryClient Single vip registry refresh property : null
2020-10-20 17:45:51 INFO  [FEBS-Server-System,,,] main com.netflix.discovery.DiscoveryClient Force full registry fetch : false
2020-10-20 17:45:51 INFO  [FEBS-Server-System,,,] main com.netflix.discovery.DiscoveryClient Application is null : false
2020-10-20 17:45:51 INFO  [FEBS-Server-System,,,] main com.netflix.discovery.DiscoveryClient Registered Applications size is zero : true
2020-10-20 17:45:51 INFO  [FEBS-Server-System,,,] main com.netflix.discovery.DiscoveryClient Application version is -1: true
2020-10-20 17:45:51 INFO  [FEBS-Server-System,,,] main com.netflix.discovery.DiscoveryClient Getting all instance registry info from the eureka server
2020-10-20 17:45:52 INFO  [FEBS-Server-System,,,] main com.netflix.discovery.DiscoveryClient The response status is 200
2020-10-20 17:45:52 INFO  [FEBS-Server-System,,,] main com.netflix.discovery.DiscoveryClient Starting heartbeat executor: renew interval is: 20
2020-10-20 17:45:52 INFO  [FEBS-Server-System,,,] main com.netflix.discovery.InstanceInfoReplicator InstanceInfoReplicator onDemand update allowed rate per min is 4
2020-10-20 17:45:52 INFO  [FEBS-Server-System,,,] main com.netflix.discovery.DiscoveryClient Discovery Client initialized at timestamp 1603187152049 with initial instances count: 2
2020-10-20 17:45:52 INFO  [FEBS-Server-System,,,] main org.springframework.cloud.netflix.eureka.serviceregistry.EurekaServiceRegistry Registering application FEBS-SERVER-SYSTEM with eureka with status UP
2020-10-20 17:45:52 INFO  [FEBS-Server-System,,,] main com.netflix.discovery.DiscoveryClient Saw local status change event StatusChangeEvent [timestamp=1603187152060, current=UP, previous=STARTING]
2020-10-20 17:45:52 INFO  [FEBS-Server-System,,,] DiscoveryClient-InstanceInfoReplicator-0 com.netflix.discovery.DiscoveryClient DiscoveryClient_FEBS-SERVER-SYSTEM/DESKTOP-VJQ44UQ:FEBS-Server-System:8201: registering service...
2020-10-20 17:45:52 INFO  [FEBS-Server-System,,,] main springfox.documentation.spring.web.plugins.DocumentationPluginsBootstrapper Context refreshed
2020-10-20 17:45:52 INFO  [FEBS-Server-System,,,] main springfox.documentation.spring.web.plugins.DocumentationPluginsBootstrapper Found 1 custom documentation plugin(s)
2020-10-20 17:45:52 INFO  [FEBS-Server-System,,,] DiscoveryClient-InstanceInfoReplicator-0 com.netflix.discovery.DiscoveryClient DiscoveryClient_FEBS-SERVER-SYSTEM/DESKTOP-VJQ44UQ:FEBS-Server-System:8201 - registration status: 204
2020-10-20 17:45:52 INFO  [FEBS-Server-System,,,] main springfox.documentation.spring.web.scanners.ApiListingReferenceScanner Scanning for api listing references
2020-10-20 17:45:52 INFO  [FEBS-Server-System,,,] main org.apache.coyote.http11.Http11NioProtocol Starting ProtocolHandler ["http-nio-8201"]
2020-10-20 17:45:52 INFO  [FEBS-Server-System,,,] main org.springframework.boot.web.embedded.tomcat.TomcatWebServer Tomcat started on port(s): 8201 (http) with context path ''
2020-10-20 17:45:52 INFO  [FEBS-Server-System,,,] main org.springframework.cloud.netflix.eureka.serviceregistry.EurekaAutoServiceRegistration Updating port to 8201
2020-10-20 17:45:52 INFO  [FEBS-Server-System,,,] main com.cxf.febs.server.system.FebsServerSystemApplication Started FebsServerSystemApplication in 12.95 seconds (JVM running for 14.116)
2020-10-20 17:45:53 INFO  [FEBS-Server-System,,,] RMI TCP Connection(4)-192.168.131.1 org.springframework.amqp.rabbit.connection.CachingConnectionFactory Attempting to connect to: [localhost:5672]
2020-10-20 17:45:53 INFO  [FEBS-Server-System,,,] RMI TCP Connection(3)-192.168.131.1 org.apache.catalina.core.ContainerBase.[Tomcat].[localhost].[/] Initializing Spring DispatcherServlet 'dispatcherServlet'
2020-10-20 17:45:53 INFO  [FEBS-Server-System,,,] RMI TCP Connection(3)-192.168.131.1 org.springframework.web.servlet.DispatcherServlet Initializing Servlet 'dispatcherServlet'
2020-10-20 17:45:53 INFO  [FEBS-Server-System,,,] RMI TCP Connection(3)-192.168.131.1 org.springframework.web.servlet.DispatcherServlet Completed initialization in 23 ms
2020-10-20 17:45:53 INFO  [FEBS-Server-System,,,] RMI TCP Connection(4)-192.168.131.1 org.springframework.amqp.rabbit.connection.CachingConnectionFactory Created new connection: rabbitConnectionFactory#7f6b57f2:0/SimpleConnection@1c7d38eb [delegate=amqp://febs@127.0.0.1:5672/, localPort= 52807]
2020-10-20 17:45:53 INFO  [FEBS-Server-System,0136633676ba6ea8,0136633676ba6ea8,true] parallel-1 io.lettuce.core.EpollProvider Starting without optional epoll library
2020-10-20 17:45:53 INFO  [FEBS-Server-System,0136633676ba6ea8,0136633676ba6ea8,true] parallel-1 io.lettuce.core.KqueueProvider Starting without optional kqueue library
2020-10-20 17:46:48 INFO  [FEBS-Server-System,,,] registrationTask1 de.codecentric.boot.admin.client.registration.ApplicationRegistrator Application registered itself as 9e368e608902
2020-10-20 17:50:51 INFO  [FEBS-Server-System,,,] AsyncResolver-bootstrap-executor-0 com.netflix.discovery.shared.resolver.aws.ConfigClusterResolver Resolving eureka endpoints via configuration
