INFO 2021-05-12 11:22:11:561 main PluginBootstrap : no plugin files (skywalking-plugin.def) found, continue to start application. 
DEBUG 2021-05-12 11:22:14:136 SkywalkingAgent-5-GRPCChannelManager-0 GRPCChannelManager : Selected collector grpc service running, reconnect:true. 
DEBUG 2021-05-12 11:22:14:139 SkywalkingAgent-8-ServiceManagementClient-0 ServiceManagementClient : ServiceManagementClient running, status:DISCONNECT. 
ERROR 2021-05-12 11:22:37:566 SkywalkingAgent-7-JVMService-consume-0 JVMMetricsSender : send JVM metrics to Collector fail. 
org.apache.skywalking.apm.dependencies.io.grpc.StatusRuntimeException: UNAVAILABLE: io exception
	at org.apache.skywalking.apm.dependencies.io.grpc.stub.ClientCalls.toStatusRuntimeException(ClientCalls.java:240)
	at org.apache.skywalking.apm.dependencies.io.grpc.stub.ClientCalls.getUnchecked(ClientCalls.java:221)
	at org.apache.skywalking.apm.dependencies.io.grpc.stub.ClientCalls.blockingUnaryCall(ClientCalls.java:140)
	at org.apache.skywalking.apm.network.language.agent.v3.JVMMetricReportServiceGrpc$JVMMetricReportServiceBlockingStub.collect(JVMMetricReportServiceGrpc.java:158)
	at org.apache.skywalking.apm.agent.core.jvm.JVMMetricsSender.run(JVMMetricsSender.java:82)
	at org.apache.skywalking.apm.util.RunnableWithExceptionProtection.run(RunnableWithExceptionProtection.java:33)
	at java.util.concurrent.Executors$RunnableAdapter.call(Executors.java:511)
	at java.util.concurrent.FutureTask.runAndReset(FutureTask.java:308)
	at java.util.concurrent.ScheduledThreadPoolExecutor$ScheduledFutureTask.access$301(ScheduledThreadPoolExecutor.java:180)
	at java.util.concurrent.ScheduledThreadPoolExecutor$ScheduledFutureTask.run(ScheduledThreadPoolExecutor.java:294)
	at java.util.concurrent.ThreadPoolExecutor.runWorker(ThreadPoolExecutor.java:1149)
	at java.util.concurrent.ThreadPoolExecutor$Worker.run(ThreadPoolExecutor.java:624)
	at java.lang.Thread.run(Thread.java:748)
Caused by: org.apache.skywalking.apm.dependencies.io.netty.channel.AbstractChannel$AnnotatedConnectException: Connection timed out: no further information: /192.168.33.10:11800
Caused by: java.net.ConnectException: Connection timed out: no further information
	at sun.nio.ch.SocketChannelImpl.checkConnect(Native Method)
	at sun.nio.ch.SocketChannelImpl.finishConnect(SocketChannelImpl.java:717)
	at org.apache.skywalking.apm.dependencies.io.netty.channel.socket.nio.NioSocketChannel.doFinishConnect(NioSocketChannel.java:327)
	at org.apache.skywalking.apm.dependencies.io.netty.channel.nio.AbstractNioChannel$AbstractNioUnsafe.finishConnect(AbstractNioChannel.java:334)
	at org.apache.skywalking.apm.dependencies.io.netty.channel.nio.NioEventLoop.processSelectedKey(NioEventLoop.java:688)
	at org.apache.skywalking.apm.dependencies.io.netty.channel.nio.NioEventLoop.processSelectedKeysOptimized(NioEventLoop.java:635)
	at org.apache.skywalking.apm.dependencies.io.netty.channel.nio.NioEventLoop.processSelectedKeys(NioEventLoop.java:552)
	at org.apache.skywalking.apm.dependencies.io.netty.channel.nio.NioEventLoop.run(NioEventLoop.java:514)
	at org.apache.skywalking.apm.dependencies.io.netty.util.concurrent.SingleThreadEventExecutor$6.run(SingleThreadEventExecutor.java:1044)
	at org.apache.skywalking.apm.dependencies.io.netty.util.internal.ThreadExecutorMap$2.run(ThreadExecutorMap.java:74)
	at org.apache.skywalking.apm.dependencies.io.netty.util.concurrent.FastThreadLocalRunnable.run(FastThreadLocalRunnable.java:30)
	at java.lang.Thread.run(Thread.java:748)

DEBUG 2021-05-12 11:22:44:150 SkywalkingAgent-8-ServiceManagementClient-0 ServiceManagementClient : ServiceManagementClient running, status:CONNECTED. 
DEBUG 2021-05-12 11:22:44:150 SkywalkingAgent-5-GRPCChannelManager-0 GRPCChannelManager : Selected collector grpc service running, reconnect:false. 
ERROR 2021-05-12 11:22:58:605 SkywalkingAgent-7-JVMService-consume-0 JVMMetricsSender : send JVM metrics to Collector fail. 
org.apache.skywalking.apm.dependencies.io.grpc.StatusRuntimeException: UNAVAILABLE: io exception
	at org.apache.skywalking.apm.dependencies.io.grpc.stub.ClientCalls.toStatusRuntimeException(ClientCalls.java:240)
	at org.apache.skywalking.apm.dependencies.io.grpc.stub.ClientCalls.getUnchecked(ClientCalls.java:221)
	at org.apache.skywalking.apm.dependencies.io.grpc.stub.ClientCalls.blockingUnaryCall(ClientCalls.java:140)
	at org.apache.skywalking.apm.network.language.agent.v3.JVMMetricReportServiceGrpc$JVMMetricReportServiceBlockingStub.collect(JVMMetricReportServiceGrpc.java:158)
	at org.apache.skywalking.apm.agent.core.jvm.JVMMetricsSender.run(JVMMetricsSender.java:82)
	at org.apache.skywalking.apm.util.RunnableWithExceptionProtection.run(RunnableWithExceptionProtection.java:33)
	at java.util.concurrent.Executors$RunnableAdapter.call(Executors.java:511)
	at java.util.concurrent.FutureTask.runAndReset(FutureTask.java:308)
	at java.util.concurrent.ScheduledThreadPoolExecutor$ScheduledFutureTask.access$301(ScheduledThreadPoolExecutor.java:180)
	at java.util.concurrent.ScheduledThreadPoolExecutor$ScheduledFutureTask.run(ScheduledThreadPoolExecutor.java:294)
	at java.util.concurrent.ThreadPoolExecutor.runWorker(ThreadPoolExecutor.java:1149)
	at java.util.concurrent.ThreadPoolExecutor$Worker.run(ThreadPoolExecutor.java:624)
	at java.lang.Thread.run(Thread.java:748)
Caused by: org.apache.skywalking.apm.dependencies.io.netty.channel.AbstractChannel$AnnotatedConnectException: Connection timed out: no further information: /192.168.33.10:11800
Caused by: java.net.ConnectException: Connection timed out: no further information
	at sun.nio.ch.SocketChannelImpl.checkConnect(Native Method)
	at sun.nio.ch.SocketChannelImpl.finishConnect(SocketChannelImpl.java:717)
	at org.apache.skywalking.apm.dependencies.io.netty.channel.socket.nio.NioSocketChannel.doFinishConnect(NioSocketChannel.java:327)
	at org.apache.skywalking.apm.dependencies.io.netty.channel.nio.AbstractNioChannel$AbstractNioUnsafe.finishConnect(AbstractNioChannel.java:334)
	at org.apache.skywalking.apm.dependencies.io.netty.channel.nio.NioEventLoop.processSelectedKey(NioEventLoop.java:688)
	at org.apache.skywalking.apm.dependencies.io.netty.channel.nio.NioEventLoop.processSelectedKeysOptimized(NioEventLoop.java:635)
	at org.apache.skywalking.apm.dependencies.io.netty.channel.nio.NioEventLoop.processSelectedKeys(NioEventLoop.java:552)
	at org.apache.skywalking.apm.dependencies.io.netty.channel.nio.NioEventLoop.run(NioEventLoop.java:514)
	at org.apache.skywalking.apm.dependencies.io.netty.util.concurrent.SingleThreadEventExecutor$6.run(SingleThreadEventExecutor.java:1044)
	at org.apache.skywalking.apm.dependencies.io.netty.util.internal.ThreadExecutorMap$2.run(ThreadExecutorMap.java:74)
	at org.apache.skywalking.apm.dependencies.io.netty.util.concurrent.FastThreadLocalRunnable.run(FastThreadLocalRunnable.java:30)
	at java.lang.Thread.run(Thread.java:748)

ERROR 2021-05-12 11:22:58:606 SkywalkingAgent-8-ServiceManagementClient-0 ServiceManagementClient : ServiceManagementClient execute fail. 
org.apache.skywalking.apm.dependencies.io.grpc.StatusRuntimeException: UNAVAILABLE: io exception
	at org.apache.skywalking.apm.dependencies.io.grpc.stub.ClientCalls.toStatusRuntimeException(ClientCalls.java:240)
	at org.apache.skywalking.apm.dependencies.io.grpc.stub.ClientCalls.getUnchecked(ClientCalls.java:221)
	at org.apache.skywalking.apm.dependencies.io.grpc.stub.ClientCalls.blockingUnaryCall(ClientCalls.java:140)
	at org.apache.skywalking.apm.network.management.v3.ManagementServiceGrpc$ManagementServiceBlockingStub.reportInstanceProperties(ManagementServiceGrpc.java:212)
	at org.apache.skywalking.apm.agent.core.remote.ServiceManagementClient.run(ServiceManagementClient.java:119)
	at org.apache.skywalking.apm.util.RunnableWithExceptionProtection.run(RunnableWithExceptionProtection.java:33)
	at java.util.concurrent.Executors$RunnableAdapter.call(Executors.java:511)
	at java.util.concurrent.FutureTask.runAndReset(FutureTask.java:308)
	at java.util.concurrent.ScheduledThreadPoolExecutor$ScheduledFutureTask.access$301(ScheduledThreadPoolExecutor.java:180)
	at java.util.concurrent.ScheduledThreadPoolExecutor$ScheduledFutureTask.run(ScheduledThreadPoolExecutor.java:294)
	at java.util.concurrent.ThreadPoolExecutor.runWorker(ThreadPoolExecutor.java:1149)
	at java.util.concurrent.ThreadPoolExecutor$Worker.run(ThreadPoolExecutor.java:624)
	at java.lang.Thread.run(Thread.java:748)
Caused by: org.apache.skywalking.apm.dependencies.io.netty.channel.AbstractChannel$AnnotatedConnectException: Connection timed out: no further information: /192.168.33.10:11800
Caused by: java.net.ConnectException: Connection timed out: no further information
	at sun.nio.ch.SocketChannelImpl.checkConnect(Native Method)
	at sun.nio.ch.SocketChannelImpl.finishConnect(SocketChannelImpl.java:717)
	at org.apache.skywalking.apm.dependencies.io.netty.channel.socket.nio.NioSocketChannel.doFinishConnect(NioSocketChannel.java:327)
	at org.apache.skywalking.apm.dependencies.io.netty.channel.nio.AbstractNioChannel$AbstractNioUnsafe.finishConnect(AbstractNioChannel.java:334)
	at org.apache.skywalking.apm.dependencies.io.netty.channel.nio.NioEventLoop.processSelectedKey(NioEventLoop.java:688)
	at org.apache.skywalking.apm.dependencies.io.netty.channel.nio.NioEventLoop.processSelectedKeysOptimized(NioEventLoop.java:635)
	at org.apache.skywalking.apm.dependencies.io.netty.channel.nio.NioEventLoop.processSelectedKeys(NioEventLoop.java:552)
	at org.apache.skywalking.apm.dependencies.io.netty.channel.nio.NioEventLoop.run(NioEventLoop.java:514)
	at org.apache.skywalking.apm.dependencies.io.netty.util.concurrent.SingleThreadEventExecutor$6.run(SingleThreadEventExecutor.java:1044)
	at org.apache.skywalking.apm.dependencies.io.netty.util.internal.ThreadExecutorMap$2.run(ThreadExecutorMap.java:74)
	at org.apache.skywalking.apm.dependencies.io.netty.util.concurrent.FastThreadLocalRunnable.run(FastThreadLocalRunnable.java:30)
	at java.lang.Thread.run(Thread.java:748)

ERROR 2021-05-12 11:22:58:606 SkywalkingAgent-7-JVMService-consume-0 JVMMetricsSender : send JVM metrics to Collector fail. 
org.apache.skywalking.apm.dependencies.io.grpc.StatusRuntimeException: UNAVAILABLE: io exception
	at org.apache.skywalking.apm.dependencies.io.grpc.stub.ClientCalls.toStatusRuntimeException(ClientCalls.java:240)
	at org.apache.skywalking.apm.dependencies.io.grpc.stub.ClientCalls.getUnchecked(ClientCalls.java:221)
	at org.apache.skywalking.apm.dependencies.io.grpc.stub.ClientCalls.blockingUnaryCall(ClientCalls.java:140)
	at org.apache.skywalking.apm.network.language.agent.v3.JVMMetricReportServiceGrpc$JVMMetricReportServiceBlockingStub.collect(JVMMetricReportServiceGrpc.java:158)
	at org.apache.skywalking.apm.agent.core.jvm.JVMMetricsSender.run(JVMMetricsSender.java:82)
	at org.apache.skywalking.apm.util.RunnableWithExceptionProtection.run(RunnableWithExceptionProtection.java:33)
	at java.util.concurrent.Executors$RunnableAdapter.call(Executors.java:511)
	at java.util.concurrent.FutureTask.runAndReset(FutureTask.java:308)
	at java.util.concurrent.ScheduledThreadPoolExecutor$ScheduledFutureTask.access$301(ScheduledThreadPoolExecutor.java:180)
	at java.util.concurrent.ScheduledThreadPoolExecutor$ScheduledFutureTask.run(ScheduledThreadPoolExecutor.java:294)
	at java.util.concurrent.ThreadPoolExecutor.runWorker(ThreadPoolExecutor.java:1149)
	at java.util.concurrent.ThreadPoolExecutor$Worker.run(ThreadPoolExecutor.java:624)
	at java.lang.Thread.run(Thread.java:748)
Caused by: org.apache.skywalking.apm.dependencies.io.netty.channel.AbstractChannel$AnnotatedConnectException: Connection timed out: no further information: /192.168.33.10:11800
Caused by: java.net.ConnectException: Connection timed out: no further information
	at sun.nio.ch.SocketChannelImpl.checkConnect(Native Method)
	at sun.nio.ch.SocketChannelImpl.finishConnect(SocketChannelImpl.java:717)
	at org.apache.skywalking.apm.dependencies.io.netty.channel.socket.nio.NioSocketChannel.doFinishConnect(NioSocketChannel.java:327)
	at org.apache.skywalking.apm.dependencies.io.netty.channel.nio.AbstractNioChannel$AbstractNioUnsafe.finishConnect(AbstractNioChannel.java:334)
	at org.apache.skywalking.apm.dependencies.io.netty.channel.nio.NioEventLoop.processSelectedKey(NioEventLoop.java:688)
	at org.apache.skywalking.apm.dependencies.io.netty.channel.nio.NioEventLoop.processSelectedKeysOptimized(NioEventLoop.java:635)
	at org.apache.skywalking.apm.dependencies.io.netty.channel.nio.NioEventLoop.processSelectedKeys(NioEventLoop.java:552)
	at org.apache.skywalking.apm.dependencies.io.netty.channel.nio.NioEventLoop.run(NioEventLoop.java:514)
	at org.apache.skywalking.apm.dependencies.io.netty.util.concurrent.SingleThreadEventExecutor$6.run(SingleThreadEventExecutor.java:1044)
	at org.apache.skywalking.apm.dependencies.io.netty.util.internal.ThreadExecutorMap$2.run(ThreadExecutorMap.java:74)
	at org.apache.skywalking.apm.dependencies.io.netty.util.concurrent.FastThreadLocalRunnable.run(FastThreadLocalRunnable.java:30)
	at java.lang.Thread.run(Thread.java:748)

DEBUG 2021-05-12 11:23:14:150 SkywalkingAgent-5-GRPCChannelManager-0 GRPCChannelManager : Selected collector grpc service running, reconnect:true. 
DEBUG 2021-05-12 11:23:14:150 SkywalkingAgent-8-ServiceManagementClient-0 ServiceManagementClient : ServiceManagementClient running, status:DISCONNECT. 
DEBUG 2021-05-12 11:23:44:140 SkywalkingAgent-8-ServiceManagementClient-0 ServiceManagementClient : ServiceManagementClient running, status:DISCONNECT. 
DEBUG 2021-05-12 11:23:44:140 SkywalkingAgent-5-GRPCChannelManager-0 GRPCChannelManager : Selected collector grpc service running, reconnect:true. 
DEBUG 2021-05-12 11:24:14:147 SkywalkingAgent-8-ServiceManagementClient-0 ServiceManagementClient : ServiceManagementClient running, status:DISCONNECT. 
DEBUG 2021-05-12 11:24:14:147 SkywalkingAgent-5-GRPCChannelManager-0 GRPCChannelManager : Selected collector grpc service running, reconnect:true. 
DEBUG 2021-05-12 11:24:44:139 SkywalkingAgent-5-GRPCChannelManager-0 GRPCChannelManager : Selected collector grpc service running, reconnect:true. 
DEBUG 2021-05-12 11:24:44:155 SkywalkingAgent-8-ServiceManagementClient-0 ServiceManagementClient : ServiceManagementClient running, status:DISCONNECT. 
DEBUG 2021-05-12 11:25:14:138 SkywalkingAgent-5-GRPCChannelManager-0 GRPCChannelManager : Selected collector grpc service running, reconnect:true. 
DEBUG 2021-05-12 11:25:14:154 SkywalkingAgent-8-ServiceManagementClient-0 ServiceManagementClient : ServiceManagementClient running, status:DISCONNECT. 
DEBUG 2021-05-12 11:25:44:137 SkywalkingAgent-5-GRPCChannelManager-0 GRPCChannelManager : Selected collector grpc service running, reconnect:true. 
DEBUG 2021-05-12 11:25:44:152 SkywalkingAgent-8-ServiceManagementClient-0 ServiceManagementClient : ServiceManagementClient running, status:DISCONNECT. 
DEBUG 2021-05-12 11:26:14:136 SkywalkingAgent-5-GRPCChannelManager-0 GRPCChannelManager : Selected collector grpc service running, reconnect:true. 
DEBUG 2021-05-12 11:26:14:152 SkywalkingAgent-8-ServiceManagementClient-0 ServiceManagementClient : ServiceManagementClient running, status:DISCONNECT. 
DEBUG 2021-05-12 11:26:44:146 SkywalkingAgent-5-GRPCChannelManager-0 GRPCChannelManager : Selected collector grpc service running, reconnect:true. 
DEBUG 2021-05-12 11:26:44:146 SkywalkingAgent-8-ServiceManagementClient-0 ServiceManagementClient : ServiceManagementClient running, status:DISCONNECT. 
DEBUG 2021-05-12 11:27:14:148 SkywalkingAgent-5-GRPCChannelManager-0 GRPCChannelManager : Selected collector grpc service running, reconnect:true. 
DEBUG 2021-05-12 11:27:14:148 SkywalkingAgent-8-ServiceManagementClient-0 ServiceManagementClient : ServiceManagementClient running, status:DISCONNECT. 
DEBUG 2021-05-12 11:27:44:138 SkywalkingAgent-5-GRPCChannelManager-0 GRPCChannelManager : Selected collector grpc service running, reconnect:true. 
DEBUG 2021-05-12 11:27:44:154 SkywalkingAgent-8-ServiceManagementClient-0 ServiceManagementClient : ServiceManagementClient running, status:DISCONNECT. 
DEBUG 2021-05-12 11:28:14:140 SkywalkingAgent-8-ServiceManagementClient-0 ServiceManagementClient : ServiceManagementClient running, status:DISCONNECT. 
DEBUG 2021-05-12 11:28:14:140 SkywalkingAgent-5-GRPCChannelManager-0 GRPCChannelManager : Selected collector grpc service running, reconnect:true. 
DEBUG 2021-05-12 11:28:44:150 SkywalkingAgent-8-ServiceManagementClient-0 ServiceManagementClient : ServiceManagementClient running, status:DISCONNECT. 
DEBUG 2021-05-12 11:28:44:150 SkywalkingAgent-5-GRPCChannelManager-0 GRPCChannelManager : Selected collector grpc service running, reconnect:true. 
DEBUG 2021-05-12 11:29:14:146 SkywalkingAgent-5-GRPCChannelManager-0 GRPCChannelManager : Selected collector grpc service running, reconnect:true. 
DEBUG 2021-05-12 11:29:14:146 SkywalkingAgent-8-ServiceManagementClient-0 ServiceManagementClient : ServiceManagementClient running, status:DISCONNECT. 
DEBUG 2021-05-12 11:29:44:149 SkywalkingAgent-5-GRPCChannelManager-0 GRPCChannelManager : Selected collector grpc service running, reconnect:true. 
DEBUG 2021-05-12 11:29:44:149 SkywalkingAgent-8-ServiceManagementClient-0 ServiceManagementClient : ServiceManagementClient running, status:DISCONNECT. 
DEBUG 2021-05-12 11:30:14:144 SkywalkingAgent-8-ServiceManagementClient-0 ServiceManagementClient : ServiceManagementClient running, status:DISCONNECT. 
DEBUG 2021-05-12 11:30:14:144 SkywalkingAgent-5-GRPCChannelManager-0 GRPCChannelManager : Selected collector grpc service running, reconnect:true. 
DEBUG 2021-05-12 11:30:44:145 SkywalkingAgent-5-GRPCChannelManager-0 GRPCChannelManager : Selected collector grpc service running, reconnect:true. 
DEBUG 2021-05-12 11:30:44:145 SkywalkingAgent-8-ServiceManagementClient-0 ServiceManagementClient : ServiceManagementClient running, status:DISCONNECT. 
DEBUG 2021-05-12 11:31:14:141 SkywalkingAgent-5-GRPCChannelManager-0 GRPCChannelManager : Selected collector grpc service running, reconnect:true. 
DEBUG 2021-05-12 11:31:14:141 SkywalkingAgent-8-ServiceManagementClient-0 ServiceManagementClient : ServiceManagementClient running, status:DISCONNECT. 
DEBUG 2021-05-12 11:31:44:141 SkywalkingAgent-8-ServiceManagementClient-0 ServiceManagementClient : ServiceManagementClient running, status:DISCONNECT. 
DEBUG 2021-05-12 11:31:44:141 SkywalkingAgent-5-GRPCChannelManager-0 GRPCChannelManager : Selected collector grpc service running, reconnect:true. 
DEBUG 2021-05-12 11:32:14:145 SkywalkingAgent-5-GRPCChannelManager-0 GRPCChannelManager : Selected collector grpc service running, reconnect:true. 
DEBUG 2021-05-12 11:32:14:145 SkywalkingAgent-8-ServiceManagementClient-0 ServiceManagementClient : ServiceManagementClient running, status:DISCONNECT. 
DEBUG 2021-05-12 11:32:44:147 SkywalkingAgent-5-GRPCChannelManager-0 GRPCChannelManager : Selected collector grpc service running, reconnect:true. 
DEBUG 2021-05-12 11:32:44:147 SkywalkingAgent-8-ServiceManagementClient-0 ServiceManagementClient : ServiceManagementClient running, status:DISCONNECT. 
DEBUG 2021-05-12 11:33:14:147 SkywalkingAgent-8-ServiceManagementClient-0 ServiceManagementClient : ServiceManagementClient running, status:DISCONNECT. 
DEBUG 2021-05-12 11:33:14:147 SkywalkingAgent-5-GRPCChannelManager-0 GRPCChannelManager : Selected collector grpc service running, reconnect:true. 
DEBUG 2021-05-12 11:33:44:142 SkywalkingAgent-8-ServiceManagementClient-0 ServiceManagementClient : ServiceManagementClient running, status:DISCONNECT. 
DEBUG 2021-05-12 11:33:44:142 SkywalkingAgent-5-GRPCChannelManager-0 GRPCChannelManager : Selected collector grpc service running, reconnect:true. 
DEBUG 2021-05-12 11:34:14:141 SkywalkingAgent-8-ServiceManagementClient-0 ServiceManagementClient : ServiceManagementClient running, status:DISCONNECT. 
DEBUG 2021-05-12 11:34:14:141 SkywalkingAgent-5-GRPCChannelManager-0 GRPCChannelManager : Selected collector grpc service running, reconnect:true. 
DEBUG 2021-05-12 11:34:44:144 SkywalkingAgent-8-ServiceManagementClient-0 ServiceManagementClient : ServiceManagementClient running, status:DISCONNECT. 
DEBUG 2021-05-12 11:34:44:144 SkywalkingAgent-5-GRPCChannelManager-0 GRPCChannelManager : Selected collector grpc service running, reconnect:true. 
DEBUG 2021-05-12 11:35:14:152 SkywalkingAgent-5-GRPCChannelManager-0 GRPCChannelManager : Selected collector grpc service running, reconnect:true. 
DEBUG 2021-05-12 11:35:14:153 SkywalkingAgent-8-ServiceManagementClient-0 ServiceManagementClient : ServiceManagementClient running, status:DISCONNECT. 
DEBUG 2021-05-12 11:35:44:136 SkywalkingAgent-5-GRPCChannelManager-0 GRPCChannelManager : Selected collector grpc service running, reconnect:true. 
DEBUG 2021-05-12 11:35:44:152 SkywalkingAgent-8-ServiceManagementClient-0 ServiceManagementClient : ServiceManagementClient running, status:DISCONNECT. 
DEBUG 2021-05-12 11:36:14:136 SkywalkingAgent-5-GRPCChannelManager-0 GRPCChannelManager : Selected collector grpc service running, reconnect:true. 
DEBUG 2021-05-12 11:36:14:152 SkywalkingAgent-8-ServiceManagementClient-0 ServiceManagementClient : ServiceManagementClient running, status:DISCONNECT. 
DEBUG 2021-05-12 11:36:44:150 SkywalkingAgent-8-ServiceManagementClient-0 ServiceManagementClient : ServiceManagementClient running, status:DISCONNECT. 
DEBUG 2021-05-12 11:36:44:150 SkywalkingAgent-5-GRPCChannelManager-0 GRPCChannelManager : Selected collector grpc service running, reconnect:true. 
DEBUG 2021-05-12 11:37:14:138 SkywalkingAgent-5-GRPCChannelManager-0 GRPCChannelManager : Selected collector grpc service running, reconnect:true. 
DEBUG 2021-05-12 11:37:14:152 SkywalkingAgent-8-ServiceManagementClient-0 ServiceManagementClient : ServiceManagementClient running, status:DISCONNECT. 
DEBUG 2021-05-12 11:37:44:137 SkywalkingAgent-5-GRPCChannelManager-0 GRPCChannelManager : Selected collector grpc service running, reconnect:true. 
DEBUG 2021-05-12 11:37:44:153 SkywalkingAgent-8-ServiceManagementClient-0 ServiceManagementClient : ServiceManagementClient running, status:DISCONNECT. 
DEBUG 2021-05-12 11:38:14:138 SkywalkingAgent-5-GRPCChannelManager-0 GRPCChannelManager : Selected collector grpc service running, reconnect:true. 
DEBUG 2021-05-12 11:38:14:154 SkywalkingAgent-8-ServiceManagementClient-0 ServiceManagementClient : ServiceManagementClient running, status:DISCONNECT. 
DEBUG 2021-05-12 11:38:44:138 SkywalkingAgent-5-GRPCChannelManager-0 GRPCChannelManager : Selected collector grpc service running, reconnect:true. 
DEBUG 2021-05-12 11:38:44:153 SkywalkingAgent-8-ServiceManagementClient-0 ServiceManagementClient : ServiceManagementClient running, status:DISCONNECT. 
DEBUG 2021-05-12 11:39:14:140 SkywalkingAgent-8-ServiceManagementClient-0 ServiceManagementClient : ServiceManagementClient running, status:DISCONNECT. 
DEBUG 2021-05-12 11:39:14:140 SkywalkingAgent-5-GRPCChannelManager-0 GRPCChannelManager : Selected collector grpc service running, reconnect:true. 
DEBUG 2021-05-12 11:39:44:145 SkywalkingAgent-5-GRPCChannelManager-0 GRPCChannelManager : Selected collector grpc service running, reconnect:true. 
DEBUG 2021-05-12 11:39:44:145 SkywalkingAgent-8-ServiceManagementClient-0 ServiceManagementClient : ServiceManagementClient running, status:DISCONNECT. 
DEBUG 2021-05-12 11:40:14:145 SkywalkingAgent-8-ServiceManagementClient-0 ServiceManagementClient : ServiceManagementClient running, status:DISCONNECT. 
DEBUG 2021-05-12 11:40:14:145 SkywalkingAgent-5-GRPCChannelManager-0 GRPCChannelManager : Selected collector grpc service running, reconnect:true. 
DEBUG 2021-05-12 11:40:44:140 SkywalkingAgent-8-ServiceManagementClient-0 ServiceManagementClient : ServiceManagementClient running, status:DISCONNECT. 
DEBUG 2021-05-12 11:40:44:140 SkywalkingAgent-5-GRPCChannelManager-0 GRPCChannelManager : Selected collector grpc service running, reconnect:true. 
DEBUG 2021-05-12 11:41:14:139 SkywalkingAgent-5-GRPCChannelManager-0 GRPCChannelManager : Selected collector grpc service running, reconnect:true. 
DEBUG 2021-05-12 11:41:14:154 SkywalkingAgent-8-ServiceManagementClient-0 ServiceManagementClient : ServiceManagementClient running, status:DISCONNECT. 
DEBUG 2021-05-12 11:41:44:136 SkywalkingAgent-5-GRPCChannelManager-0 GRPCChannelManager : Selected collector grpc service running, reconnect:true. 
DEBUG 2021-05-12 11:41:44:151 SkywalkingAgent-8-ServiceManagementClient-0 ServiceManagementClient : ServiceManagementClient running, status:DISCONNECT. 
DEBUG 2021-05-12 11:42:14:138 SkywalkingAgent-5-GRPCChannelManager-0 GRPCChannelManager : Selected collector grpc service running, reconnect:true. 
DEBUG 2021-05-12 11:42:14:153 SkywalkingAgent-8-ServiceManagementClient-0 ServiceManagementClient : ServiceManagementClient running, status:DISCONNECT. 
DEBUG 2021-05-12 11:42:44:146 SkywalkingAgent-5-GRPCChannelManager-0 GRPCChannelManager : Selected collector grpc service running, reconnect:true. 
DEBUG 2021-05-12 11:42:44:146 SkywalkingAgent-8-ServiceManagementClient-0 ServiceManagementClient : ServiceManagementClient running, status:DISCONNECT. 
DEBUG 2021-05-12 11:43:14:139 SkywalkingAgent-5-GRPCChannelManager-0 GRPCChannelManager : Selected collector grpc service running, reconnect:true. 
DEBUG 2021-05-12 11:43:14:154 SkywalkingAgent-8-ServiceManagementClient-0 ServiceManagementClient : ServiceManagementClient running, status:DISCONNECT. 
DEBUG 2021-05-12 11:43:44:140 SkywalkingAgent-8-ServiceManagementClient-0 ServiceManagementClient : ServiceManagementClient running, status:DISCONNECT. 
DEBUG 2021-05-12 11:43:44:140 SkywalkingAgent-5-GRPCChannelManager-0 GRPCChannelManager : Selected collector grpc service running, reconnect:true. 
DEBUG 2021-05-12 11:44:14:150 SkywalkingAgent-5-GRPCChannelManager-0 GRPCChannelManager : Selected collector grpc service running, reconnect:true. 
DEBUG 2021-05-12 11:44:14:150 SkywalkingAgent-8-ServiceManagementClient-0 ServiceManagementClient : ServiceManagementClient running, status:DISCONNECT. 
DEBUG 2021-05-12 11:44:44:138 SkywalkingAgent-5-GRPCChannelManager-0 GRPCChannelManager : Selected collector grpc service running, reconnect:true. 
DEBUG 2021-05-12 11:44:44:154 SkywalkingAgent-8-ServiceManagementClient-0 ServiceManagementClient : ServiceManagementClient running, status:DISCONNECT. 
DEBUG 2021-05-12 11:45:14:137 SkywalkingAgent-5-GRPCChannelManager-0 GRPCChannelManager : Selected collector grpc service running, reconnect:true. 
DEBUG 2021-05-12 11:45:14:153 SkywalkingAgent-8-ServiceManagementClient-0 ServiceManagementClient : ServiceManagementClient running, status:DISCONNECT. 
DEBUG 2021-05-12 11:45:44:149 SkywalkingAgent-5-GRPCChannelManager-0 GRPCChannelManager : Selected collector grpc service running, reconnect:true. 
DEBUG 2021-05-12 11:45:44:149 SkywalkingAgent-8-ServiceManagementClient-0 ServiceManagementClient : ServiceManagementClient running, status:DISCONNECT. 
DEBUG 2021-05-12 11:46:14:145 SkywalkingAgent-8-ServiceManagementClient-0 ServiceManagementClient : ServiceManagementClient running, status:DISCONNECT. 
DEBUG 2021-05-12 11:46:14:145 SkywalkingAgent-5-GRPCChannelManager-0 GRPCChannelManager : Selected collector grpc service running, reconnect:true. 
DEBUG 2021-05-12 11:46:44:149 SkywalkingAgent-8-ServiceManagementClient-0 ServiceManagementClient : ServiceManagementClient running, status:DISCONNECT. 
DEBUG 2021-05-12 11:46:44:149 SkywalkingAgent-5-GRPCChannelManager-0 GRPCChannelManager : Selected collector grpc service running, reconnect:true. 
DEBUG 2021-05-12 11:47:14:141 SkywalkingAgent-5-GRPCChannelManager-0 GRPCChannelManager : Selected collector grpc service running, reconnect:true. 
DEBUG 2021-05-12 11:47:14:141 SkywalkingAgent-8-ServiceManagementClient-0 ServiceManagementClient : ServiceManagementClient running, status:DISCONNECT. 
DEBUG 2021-05-12 11:47:44:139 SkywalkingAgent-8-ServiceManagementClient-0 ServiceManagementClient : ServiceManagementClient running, status:DISCONNECT. 
DEBUG 2021-05-12 11:47:44:139 SkywalkingAgent-5-GRPCChannelManager-0 GRPCChannelManager : Selected collector grpc service running, reconnect:true. 
DEBUG 2021-05-12 11:48:14:138 SkywalkingAgent-5-GRPCChannelManager-0 GRPCChannelManager : Selected collector grpc service running, reconnect:true. 
DEBUG 2021-05-12 11:48:14:153 SkywalkingAgent-8-ServiceManagementClient-0 ServiceManagementClient : ServiceManagementClient running, status:DISCONNECT. 
DEBUG 2021-05-12 11:48:44:143 SkywalkingAgent-8-ServiceManagementClient-0 ServiceManagementClient : ServiceManagementClient running, status:DISCONNECT. 
DEBUG 2021-05-12 11:48:44:143 SkywalkingAgent-5-GRPCChannelManager-0 GRPCChannelManager : Selected collector grpc service running, reconnect:true. 
DEBUG 2021-05-12 11:49:14:150 SkywalkingAgent-5-GRPCChannelManager-0 GRPCChannelManager : Selected collector grpc service running, reconnect:true. 
DEBUG 2021-05-12 11:49:14:150 SkywalkingAgent-8-ServiceManagementClient-0 ServiceManagementClient : ServiceManagementClient running, status:DISCONNECT. 
DEBUG 2021-05-12 11:49:44:138 SkywalkingAgent-5-GRPCChannelManager-0 GRPCChannelManager : Selected collector grpc service running, reconnect:true. 
DEBUG 2021-05-12 11:49:44:154 SkywalkingAgent-8-ServiceManagementClient-0 ServiceManagementClient : ServiceManagementClient running, status:DISCONNECT. 
DEBUG 2021-05-12 11:50:14:141 SkywalkingAgent-8-ServiceManagementClient-0 ServiceManagementClient : ServiceManagementClient running, status:DISCONNECT. 
DEBUG 2021-05-12 11:50:14:141 SkywalkingAgent-5-GRPCChannelManager-0 GRPCChannelManager : Selected collector grpc service running, reconnect:true. 
DEBUG 2021-05-12 11:50:44:143 SkywalkingAgent-5-GRPCChannelManager-0 GRPCChannelManager : Selected collector grpc service running, reconnect:true. 
DEBUG 2021-05-12 11:50:44:143 SkywalkingAgent-8-ServiceManagementClient-0 ServiceManagementClient : ServiceManagementClient running, status:DISCONNECT. 
DEBUG 2021-05-12 11:51:14:141 SkywalkingAgent-5-GRPCChannelManager-0 GRPCChannelManager : Selected collector grpc service running, reconnect:true. 
DEBUG 2021-05-12 11:51:14:141 SkywalkingAgent-8-ServiceManagementClient-0 ServiceManagementClient : ServiceManagementClient running, status:DISCONNECT. 
DEBUG 2021-05-12 11:51:44:149 SkywalkingAgent-5-GRPCChannelManager-0 GRPCChannelManager : Selected collector grpc service running, reconnect:true. 
DEBUG 2021-05-12 11:51:44:149 SkywalkingAgent-8-ServiceManagementClient-0 ServiceManagementClient : ServiceManagementClient running, status:DISCONNECT. 
DEBUG 2021-05-12 11:52:14:137 SkywalkingAgent-5-GRPCChannelManager-0 GRPCChannelManager : Selected collector grpc service running, reconnect:true. 
DEBUG 2021-05-12 11:52:14:153 SkywalkingAgent-8-ServiceManagementClient-0 ServiceManagementClient : ServiceManagementClient running, status:DISCONNECT. 
DEBUG 2021-05-12 11:52:44:146 SkywalkingAgent-5-GRPCChannelManager-0 GRPCChannelManager : Selected collector grpc service running, reconnect:true. 
DEBUG 2021-05-12 11:52:44:146 SkywalkingAgent-8-ServiceManagementClient-0 ServiceManagementClient : ServiceManagementClient running, status:DISCONNECT. 
DEBUG 2021-05-12 11:53:14:148 SkywalkingAgent-5-GRPCChannelManager-0 GRPCChannelManager : Selected collector grpc service running, reconnect:true. 
DEBUG 2021-05-12 11:53:14:148 SkywalkingAgent-8-ServiceManagementClient-0 ServiceManagementClient : ServiceManagementClient running, status:DISCONNECT. 
DEBUG 2021-05-12 11:53:44:147 SkywalkingAgent-8-ServiceManagementClient-0 ServiceManagementClient : ServiceManagementClient running, status:DISCONNECT. 
DEBUG 2021-05-12 11:53:44:147 SkywalkingAgent-5-GRPCChannelManager-0 GRPCChannelManager : Selected collector grpc service running, reconnect:true. 
DEBUG 2021-05-12 11:54:14:137 SkywalkingAgent-5-GRPCChannelManager-0 GRPCChannelManager : Selected collector grpc service running, reconnect:true. 
DEBUG 2021-05-12 11:54:14:153 SkywalkingAgent-8-ServiceManagementClient-0 ServiceManagementClient : ServiceManagementClient running, status:DISCONNECT. 
DEBUG 2021-05-12 11:54:44:146 SkywalkingAgent-5-GRPCChannelManager-0 GRPCChannelManager : Selected collector grpc service running, reconnect:true. 
DEBUG 2021-05-12 11:54:44:146 SkywalkingAgent-8-ServiceManagementClient-0 ServiceManagementClient : ServiceManagementClient running, status:DISCONNECT. 
DEBUG 2021-05-12 11:55:14:148 SkywalkingAgent-5-GRPCChannelManager-0 GRPCChannelManager : Selected collector grpc service running, reconnect:true. 
DEBUG 2021-05-12 11:55:14:148 SkywalkingAgent-8-ServiceManagementClient-0 ServiceManagementClient : ServiceManagementClient running, status:DISCONNECT. 
DEBUG 2021-05-12 11:55:44:146 SkywalkingAgent-8-ServiceManagementClient-0 ServiceManagementClient : ServiceManagementClient running, status:DISCONNECT. 
DEBUG 2021-05-12 11:55:44:146 SkywalkingAgent-5-GRPCChannelManager-0 GRPCChannelManager : Selected collector grpc service running, reconnect:true. 
DEBUG 2021-05-12 11:56:14:138 SkywalkingAgent-5-GRPCChannelManager-0 GRPCChannelManager : Selected collector grpc service running, reconnect:true. 
DEBUG 2021-05-12 11:56:14:154 SkywalkingAgent-8-ServiceManagementClient-0 ServiceManagementClient : ServiceManagementClient running, status:DISCONNECT. 
DEBUG 2021-05-12 11:56:44:149 SkywalkingAgent-8-ServiceManagementClient-0 ServiceManagementClient : ServiceManagementClient running, status:DISCONNECT. 
DEBUG 2021-05-12 11:56:44:149 SkywalkingAgent-5-GRPCChannelManager-0 GRPCChannelManager : Selected collector grpc service running, reconnect:true. 
DEBUG 2021-05-12 11:57:14:136 SkywalkingAgent-5-GRPCChannelManager-0 GRPCChannelManager : Selected collector grpc service running, reconnect:true. 
DEBUG 2021-05-12 11:57:14:152 SkywalkingAgent-8-ServiceManagementClient-0 ServiceManagementClient : ServiceManagementClient running, status:DISCONNECT. 
DEBUG 2021-05-12 11:57:44:149 SkywalkingAgent-8-ServiceManagementClient-0 ServiceManagementClient : ServiceManagementClient running, status:DISCONNECT. 
DEBUG 2021-05-12 11:57:44:149 SkywalkingAgent-5-GRPCChannelManager-0 GRPCChannelManager : Selected collector grpc service running, reconnect:true. 
DEBUG 2021-05-12 11:58:14:145 SkywalkingAgent-8-ServiceManagementClient-0 ServiceManagementClient : ServiceManagementClient running, status:DISCONNECT. 
DEBUG 2021-05-12 11:58:14:145 SkywalkingAgent-5-GRPCChannelManager-0 GRPCChannelManager : Selected collector grpc service running, reconnect:true. 
DEBUG 2021-05-12 11:58:44:142 SkywalkingAgent-5-GRPCChannelManager-0 GRPCChannelManager : Selected collector grpc service running, reconnect:true. 
DEBUG 2021-05-12 11:58:44:142 SkywalkingAgent-8-ServiceManagementClient-0 ServiceManagementClient : ServiceManagementClient running, status:DISCONNECT. 
DEBUG 2021-05-12 11:59:14:140 SkywalkingAgent-8-ServiceManagementClient-0 ServiceManagementClient : ServiceManagementClient running, status:DISCONNECT. 
DEBUG 2021-05-12 11:59:14:140 SkywalkingAgent-5-GRPCChannelManager-0 GRPCChannelManager : Selected collector grpc service running, reconnect:true. 
DEBUG 2021-05-12 11:59:44:145 SkywalkingAgent-5-GRPCChannelManager-0 GRPCChannelManager : Selected collector grpc service running, reconnect:true. 
DEBUG 2021-05-12 11:59:44:145 SkywalkingAgent-8-ServiceManagementClient-0 ServiceManagementClient : ServiceManagementClient running, status:DISCONNECT. 
DEBUG 2021-05-12 12:00:14:144 SkywalkingAgent-5-GRPCChannelManager-0 GRPCChannelManager : Selected collector grpc service running, reconnect:true. 
DEBUG 2021-05-12 12:00:14:144 SkywalkingAgent-8-ServiceManagementClient-0 ServiceManagementClient : ServiceManagementClient running, status:DISCONNECT. 
DEBUG 2021-05-12 12:00:44:151 SkywalkingAgent-5-GRPCChannelManager-0 GRPCChannelManager : Selected collector grpc service running, reconnect:true. 
DEBUG 2021-05-12 12:00:44:151 SkywalkingAgent-8-ServiceManagementClient-0 ServiceManagementClient : ServiceManagementClient running, status:DISCONNECT. 
DEBUG 2021-05-12 12:01:14:143 SkywalkingAgent-5-GRPCChannelManager-0 GRPCChannelManager : Selected collector grpc service running, reconnect:true. 
DEBUG 2021-05-12 12:01:14:143 SkywalkingAgent-8-ServiceManagementClient-0 ServiceManagementClient : ServiceManagementClient running, status:DISCONNECT. 
DEBUG 2021-05-12 12:01:44:144 SkywalkingAgent-5-GRPCChannelManager-0 GRPCChannelManager : Selected collector grpc service running, reconnect:true. 
DEBUG 2021-05-12 12:01:44:144 SkywalkingAgent-8-ServiceManagementClient-0 ServiceManagementClient : ServiceManagementClient running, status:DISCONNECT. 
DEBUG 2021-05-12 12:02:14:137 SkywalkingAgent-5-GRPCChannelManager-0 GRPCChannelManager : Selected collector grpc service running, reconnect:true. 
DEBUG 2021-05-12 12:02:14:153 SkywalkingAgent-8-ServiceManagementClient-0 ServiceManagementClient : ServiceManagementClient running, status:DISCONNECT. 
DEBUG 2021-05-12 12:02:44:137 SkywalkingAgent-5-GRPCChannelManager-0 GRPCChannelManager : Selected collector grpc service running, reconnect:true. 
DEBUG 2021-05-12 12:02:44:153 SkywalkingAgent-8-ServiceManagementClient-0 ServiceManagementClient : ServiceManagementClient running, status:DISCONNECT. 
DEBUG 2021-05-12 12:03:14:144 SkywalkingAgent-5-GRPCChannelManager-0 GRPCChannelManager : Selected collector grpc service running, reconnect:true. 
DEBUG 2021-05-12 12:03:14:144 SkywalkingAgent-8-ServiceManagementClient-0 ServiceManagementClient : ServiceManagementClient running, status:DISCONNECT. 
DEBUG 2021-05-12 12:03:44:137 SkywalkingAgent-5-GRPCChannelManager-0 GRPCChannelManager : Selected collector grpc service running, reconnect:true. 
DEBUG 2021-05-12 12:03:44:152 SkywalkingAgent-8-ServiceManagementClient-0 ServiceManagementClient : ServiceManagementClient running, status:DISCONNECT. 
DEBUG 2021-05-12 12:04:14:143 SkywalkingAgent-5-GRPCChannelManager-0 GRPCChannelManager : Selected collector grpc service running, reconnect:true. 
DEBUG 2021-05-12 12:04:14:143 SkywalkingAgent-8-ServiceManagementClient-0 ServiceManagementClient : ServiceManagementClient running, status:DISCONNECT. 
DEBUG 2021-05-12 12:04:44:143 SkywalkingAgent-5-GRPCChannelManager-0 GRPCChannelManager : Selected collector grpc service running, reconnect:true. 
DEBUG 2021-05-12 12:04:44:143 SkywalkingAgent-8-ServiceManagementClient-0 ServiceManagementClient : ServiceManagementClient running, status:DISCONNECT. 
DEBUG 2021-05-12 12:05:14:148 SkywalkingAgent-8-ServiceManagementClient-0 ServiceManagementClient : ServiceManagementClient running, status:DISCONNECT. 
DEBUG 2021-05-12 12:05:14:148 SkywalkingAgent-5-GRPCChannelManager-0 GRPCChannelManager : Selected collector grpc service running, reconnect:true. 
DEBUG 2021-05-12 12:05:44:150 SkywalkingAgent-8-ServiceManagementClient-0 ServiceManagementClient : ServiceManagementClient running, status:DISCONNECT. 
DEBUG 2021-05-12 12:05:44:150 SkywalkingAgent-5-GRPCChannelManager-0 GRPCChannelManager : Selected collector grpc service running, reconnect:true. 
DEBUG 2021-05-12 12:06:14:144 SkywalkingAgent-8-ServiceManagementClient-0 ServiceManagementClient : ServiceManagementClient running, status:DISCONNECT. 
DEBUG 2021-05-12 12:06:14:144 SkywalkingAgent-5-GRPCChannelManager-0 GRPCChannelManager : Selected collector grpc service running, reconnect:true. 
DEBUG 2021-05-12 12:06:44:149 SkywalkingAgent-8-ServiceManagementClient-0 ServiceManagementClient : ServiceManagementClient running, status:DISCONNECT. 
DEBUG 2021-05-12 12:06:44:149 SkywalkingAgent-5-GRPCChannelManager-0 GRPCChannelManager : Selected collector grpc service running, reconnect:true. 
DEBUG 2021-05-12 12:07:14:147 SkywalkingAgent-8-ServiceManagementClient-0 ServiceManagementClient : ServiceManagementClient running, status:DISCONNECT. 
DEBUG 2021-05-12 12:07:14:147 SkywalkingAgent-5-GRPCChannelManager-0 GRPCChannelManager : Selected collector grpc service running, reconnect:true. 
DEBUG 2021-05-12 12:07:44:142 SkywalkingAgent-8-ServiceManagementClient-0 ServiceManagementClient : ServiceManagementClient running, status:DISCONNECT. 
DEBUG 2021-05-12 12:07:44:142 SkywalkingAgent-5-GRPCChannelManager-0 GRPCChannelManager : Selected collector grpc service running, reconnect:true. 
DEBUG 2021-05-12 12:08:14:139 SkywalkingAgent-5-GRPCChannelManager-0 GRPCChannelManager : Selected collector grpc service running, reconnect:true. 
DEBUG 2021-05-12 12:08:14:155 SkywalkingAgent-8-ServiceManagementClient-0 ServiceManagementClient : ServiceManagementClient running, status:DISCONNECT. 
DEBUG 2021-05-12 12:08:44:145 SkywalkingAgent-5-GRPCChannelManager-0 GRPCChannelManager : Selected collector grpc service running, reconnect:true. 
DEBUG 2021-05-12 12:08:44:145 SkywalkingAgent-8-ServiceManagementClient-0 ServiceManagementClient : ServiceManagementClient running, status:DISCONNECT. 
DEBUG 2021-05-12 12:09:14:138 SkywalkingAgent-5-GRPCChannelManager-0 GRPCChannelManager : Selected collector grpc service running, reconnect:true. 
DEBUG 2021-05-12 12:09:14:154 SkywalkingAgent-8-ServiceManagementClient-0 ServiceManagementClient : ServiceManagementClient running, status:DISCONNECT. 
DEBUG 2021-05-12 12:09:44:143 SkywalkingAgent-5-GRPCChannelManager-0 GRPCChannelManager : Selected collector grpc service running, reconnect:true. 
DEBUG 2021-05-12 12:09:44:144 SkywalkingAgent-8-ServiceManagementClient-0 ServiceManagementClient : ServiceManagementClient running, status:DISCONNECT. 
DEBUG 2021-05-12 12:10:14:146 SkywalkingAgent-5-GRPCChannelManager-0 GRPCChannelManager : Selected collector grpc service running, reconnect:true. 
DEBUG 2021-05-12 12:10:14:146 SkywalkingAgent-8-ServiceManagementClient-0 ServiceManagementClient : ServiceManagementClient running, status:DISCONNECT. 
DEBUG 2021-05-12 12:10:44:142 SkywalkingAgent-8-ServiceManagementClient-0 ServiceManagementClient : ServiceManagementClient running, status:DISCONNECT. 
DEBUG 2021-05-12 12:10:44:142 SkywalkingAgent-5-GRPCChannelManager-0 GRPCChannelManager : Selected collector grpc service running, reconnect:true. 
DEBUG 2021-05-12 12:11:14:144 SkywalkingAgent-5-GRPCChannelManager-0 GRPCChannelManager : Selected collector grpc service running, reconnect:true. 
DEBUG 2021-05-12 12:11:14:144 SkywalkingAgent-8-ServiceManagementClient-0 ServiceManagementClient : ServiceManagementClient running, status:DISCONNECT. 
DEBUG 2021-05-12 12:11:44:140 SkywalkingAgent-8-ServiceManagementClient-0 ServiceManagementClient : ServiceManagementClient running, status:DISCONNECT. 
DEBUG 2021-05-12 12:11:44:140 SkywalkingAgent-5-GRPCChannelManager-0 GRPCChannelManager : Selected collector grpc service running, reconnect:true. 
DEBUG 2021-05-12 12:12:14:146 SkywalkingAgent-8-ServiceManagementClient-0 ServiceManagementClient : ServiceManagementClient running, status:DISCONNECT. 
DEBUG 2021-05-12 12:12:14:146 SkywalkingAgent-5-GRPCChannelManager-0 GRPCChannelManager : Selected collector grpc service running, reconnect:true. 
DEBUG 2021-05-12 12:12:44:144 SkywalkingAgent-5-GRPCChannelManager-0 GRPCChannelManager : Selected collector grpc service running, reconnect:true. 
DEBUG 2021-05-12 12:12:44:144 SkywalkingAgent-8-ServiceManagementClient-0 ServiceManagementClient : ServiceManagementClient running, status:DISCONNECT. 
DEBUG 2021-05-12 12:13:14:151 SkywalkingAgent-5-GRPCChannelManager-0 GRPCChannelManager : Selected collector grpc service running, reconnect:true. 
DEBUG 2021-05-12 12:13:14:151 SkywalkingAgent-8-ServiceManagementClient-0 ServiceManagementClient : ServiceManagementClient running, status:DISCONNECT. 
DEBUG 2021-05-12 12:13:44:150 SkywalkingAgent-8-ServiceManagementClient-0 ServiceManagementClient : ServiceManagementClient running, status:DISCONNECT. 
DEBUG 2021-05-12 12:13:44:150 SkywalkingAgent-5-GRPCChannelManager-0 GRPCChannelManager : Selected collector grpc service running, reconnect:true. 
DEBUG 2021-05-12 12:14:14:149 SkywalkingAgent-5-GRPCChannelManager-0 GRPCChannelManager : Selected collector grpc service running, reconnect:true. 
DEBUG 2021-05-12 12:14:14:149 SkywalkingAgent-8-ServiceManagementClient-0 ServiceManagementClient : ServiceManagementClient running, status:DISCONNECT. 
DEBUG 2021-05-12 12:14:44:145 SkywalkingAgent-5-GRPCChannelManager-0 GRPCChannelManager : Selected collector grpc service running, reconnect:true. 
DEBUG 2021-05-12 12:14:44:145 SkywalkingAgent-8-ServiceManagementClient-0 ServiceManagementClient : ServiceManagementClient running, status:DISCONNECT. 
DEBUG 2021-05-12 12:15:14:148 SkywalkingAgent-5-GRPCChannelManager-0 GRPCChannelManager : Selected collector grpc service running, reconnect:true. 
DEBUG 2021-05-12 12:15:14:148 SkywalkingAgent-8-ServiceManagementClient-0 ServiceManagementClient : ServiceManagementClient running, status:DISCONNECT. 
DEBUG 2021-05-12 12:15:44:147 SkywalkingAgent-5-GRPCChannelManager-0 GRPCChannelManager : Selected collector grpc service running, reconnect:true. 
DEBUG 2021-05-12 12:15:44:147 SkywalkingAgent-8-ServiceManagementClient-0 ServiceManagementClient : ServiceManagementClient running, status:DISCONNECT. 
DEBUG 2021-05-12 12:16:14:139 SkywalkingAgent-5-GRPCChannelManager-0 GRPCChannelManager : Selected collector grpc service running, reconnect:true. 
DEBUG 2021-05-12 12:16:14:155 SkywalkingAgent-8-ServiceManagementClient-0 ServiceManagementClient : ServiceManagementClient running, status:DISCONNECT. 
DEBUG 2021-05-12 12:16:44:136 SkywalkingAgent-5-GRPCChannelManager-0 GRPCChannelManager : Selected collector grpc service running, reconnect:true. 
DEBUG 2021-05-12 12:16:44:152 SkywalkingAgent-8-ServiceManagementClient-0 ServiceManagementClient : ServiceManagementClient running, status:DISCONNECT. 
DEBUG 2021-05-12 12:17:14:143 SkywalkingAgent-5-GRPCChannelManager-0 GRPCChannelManager : Selected collector grpc service running, reconnect:true. 
DEBUG 2021-05-12 12:17:14:143 SkywalkingAgent-8-ServiceManagementClient-0 ServiceManagementClient : ServiceManagementClient running, status:DISCONNECT. 
DEBUG 2021-05-12 12:17:44:137 SkywalkingAgent-5-GRPCChannelManager-0 GRPCChannelManager : Selected collector grpc service running, reconnect:true. 
DEBUG 2021-05-12 12:17:44:153 SkywalkingAgent-8-ServiceManagementClient-0 ServiceManagementClient : ServiceManagementClient running, status:DISCONNECT. 
DEBUG 2021-05-12 12:18:14:138 SkywalkingAgent-5-GRPCChannelManager-0 GRPCChannelManager : Selected collector grpc service running, reconnect:true. 
DEBUG 2021-05-12 12:18:14:154 SkywalkingAgent-8-ServiceManagementClient-0 ServiceManagementClient : ServiceManagementClient running, status:DISCONNECT. 
DEBUG 2021-05-12 12:18:44:137 SkywalkingAgent-5-GRPCChannelManager-0 GRPCChannelManager : Selected collector grpc service running, reconnect:true. 
DEBUG 2021-05-12 12:18:44:153 SkywalkingAgent-8-ServiceManagementClient-0 ServiceManagementClient : ServiceManagementClient running, status:DISCONNECT. 
DEBUG 2021-05-12 12:19:14:144 SkywalkingAgent-8-ServiceManagementClient-0 ServiceManagementClient : ServiceManagementClient running, status:DISCONNECT. 
DEBUG 2021-05-12 12:19:14:144 SkywalkingAgent-5-GRPCChannelManager-0 GRPCChannelManager : Selected collector grpc service running, reconnect:true. 
DEBUG 2021-05-12 12:19:44:137 SkywalkingAgent-5-GRPCChannelManager-0 GRPCChannelManager : Selected collector grpc service running, reconnect:true. 
DEBUG 2021-05-12 12:19:44:152 SkywalkingAgent-8-ServiceManagementClient-0 ServiceManagementClient : ServiceManagementClient running, status:DISCONNECT. 
DEBUG 2021-05-12 12:20:14:138 SkywalkingAgent-5-GRPCChannelManager-0 GRPCChannelManager : Selected collector grpc service running, reconnect:true. 
DEBUG 2021-05-12 12:20:14:154 SkywalkingAgent-8-ServiceManagementClient-0 ServiceManagementClient : ServiceManagementClient running, status:DISCONNECT. 
DEBUG 2021-05-12 12:20:44:151 SkywalkingAgent-8-ServiceManagementClient-0 ServiceManagementClient : ServiceManagementClient running, status:DISCONNECT. 
DEBUG 2021-05-12 12:20:44:151 SkywalkingAgent-5-GRPCChannelManager-0 GRPCChannelManager : Selected collector grpc service running, reconnect:true. 
DEBUG 2021-05-12 12:21:14:144 SkywalkingAgent-5-GRPCChannelManager-0 GRPCChannelManager : Selected collector grpc service running, reconnect:true. 
DEBUG 2021-05-12 12:21:14:144 SkywalkingAgent-8-ServiceManagementClient-0 ServiceManagementClient : ServiceManagementClient running, status:DISCONNECT. 
DEBUG 2021-05-12 12:21:44:151 SkywalkingAgent-8-ServiceManagementClient-0 ServiceManagementClient : ServiceManagementClient running, status:DISCONNECT. 
DEBUG 2021-05-12 12:21:44:151 SkywalkingAgent-5-GRPCChannelManager-0 GRPCChannelManager : Selected collector grpc service running, reconnect:true. 
DEBUG 2021-05-12 12:22:14:138 SkywalkingAgent-5-GRPCChannelManager-0 GRPCChannelManager : Selected collector grpc service running, reconnect:true. 
DEBUG 2021-05-12 12:22:14:154 SkywalkingAgent-8-ServiceManagementClient-0 ServiceManagementClient : ServiceManagementClient running, status:DISCONNECT. 
DEBUG 2021-05-12 12:22:44:147 SkywalkingAgent-5-GRPCChannelManager-0 GRPCChannelManager : Selected collector grpc service running, reconnect:true. 
DEBUG 2021-05-12 12:22:44:147 SkywalkingAgent-8-ServiceManagementClient-0 ServiceManagementClient : ServiceManagementClient running, status:DISCONNECT. 
DEBUG 2021-05-12 12:23:14:145 SkywalkingAgent-5-GRPCChannelManager-0 GRPCChannelManager : Selected collector grpc service running, reconnect:true. 
DEBUG 2021-05-12 12:23:14:145 SkywalkingAgent-8-ServiceManagementClient-0 ServiceManagementClient : ServiceManagementClient running, status:DISCONNECT. 
DEBUG 2021-05-12 12:23:44:137 SkywalkingAgent-5-GRPCChannelManager-0 GRPCChannelManager : Selected collector grpc service running, reconnect:true. 
DEBUG 2021-05-12 12:23:44:153 SkywalkingAgent-8-ServiceManagementClient-0 ServiceManagementClient : ServiceManagementClient running, status:DISCONNECT. 
DEBUG 2021-05-12 12:24:14:145 SkywalkingAgent-5-GRPCChannelManager-0 GRPCChannelManager : Selected collector grpc service running, reconnect:true. 
DEBUG 2021-05-12 12:24:14:145 SkywalkingAgent-8-ServiceManagementClient-0 ServiceManagementClient : ServiceManagementClient running, status:DISCONNECT. 
DEBUG 2021-05-12 12:24:44:142 SkywalkingAgent-8-ServiceManagementClient-0 ServiceManagementClient : ServiceManagementClient running, status:DISCONNECT. 
DEBUG 2021-05-12 12:24:44:142 SkywalkingAgent-5-GRPCChannelManager-0 GRPCChannelManager : Selected collector grpc service running, reconnect:true. 
DEBUG 2021-05-12 12:25:14:146 SkywalkingAgent-5-GRPCChannelManager-0 GRPCChannelManager : Selected collector grpc service running, reconnect:true. 
DEBUG 2021-05-12 12:25:14:146 SkywalkingAgent-8-ServiceManagementClient-0 ServiceManagementClient : ServiceManagementClient running, status:DISCONNECT. 
DEBUG 2021-05-12 12:25:44:147 SkywalkingAgent-8-ServiceManagementClient-0 ServiceManagementClient : ServiceManagementClient running, status:DISCONNECT. 
DEBUG 2021-05-12 12:25:44:147 SkywalkingAgent-5-GRPCChannelManager-0 GRPCChannelManager : Selected collector grpc service running, reconnect:true. 
DEBUG 2021-05-12 12:26:14:149 SkywalkingAgent-5-GRPCChannelManager-0 GRPCChannelManager : Selected collector grpc service running, reconnect:true. 
DEBUG 2021-05-12 12:26:14:149 SkywalkingAgent-8-ServiceManagementClient-0 ServiceManagementClient : ServiceManagementClient running, status:DISCONNECT. 
DEBUG 2021-05-12 12:26:44:139 SkywalkingAgent-8-ServiceManagementClient-0 ServiceManagementClient : ServiceManagementClient running, status:DISCONNECT. 
DEBUG 2021-05-12 12:26:44:139 SkywalkingAgent-5-GRPCChannelManager-0 GRPCChannelManager : Selected collector grpc service running, reconnect:true. 
DEBUG 2021-05-12 12:27:14:144 SkywalkingAgent-8-ServiceManagementClient-0 ServiceManagementClient : ServiceManagementClient running, status:DISCONNECT. 
DEBUG 2021-05-12 12:27:14:144 SkywalkingAgent-5-GRPCChannelManager-0 GRPCChannelManager : Selected collector grpc service running, reconnect:true. 
DEBUG 2021-05-12 12:27:44:150 SkywalkingAgent-5-GRPCChannelManager-0 GRPCChannelManager : Selected collector grpc service running, reconnect:true. 
DEBUG 2021-05-12 12:27:44:150 SkywalkingAgent-8-ServiceManagementClient-0 ServiceManagementClient : ServiceManagementClient running, status:DISCONNECT. 
DEBUG 2021-05-12 12:28:14:138 SkywalkingAgent-5-GRPCChannelManager-0 GRPCChannelManager : Selected collector grpc service running, reconnect:true. 
DEBUG 2021-05-12 12:28:14:154 SkywalkingAgent-8-ServiceManagementClient-0 ServiceManagementClient : ServiceManagementClient running, status:DISCONNECT. 
DEBUG 2021-05-12 12:28:44:137 SkywalkingAgent-5-GRPCChannelManager-0 GRPCChannelManager : Selected collector grpc service running, reconnect:true. 
DEBUG 2021-05-12 12:28:44:153 SkywalkingAgent-8-ServiceManagementClient-0 ServiceManagementClient : ServiceManagementClient running, status:DISCONNECT. 
DEBUG 2021-05-12 12:29:14:144 SkywalkingAgent-5-GRPCChannelManager-0 GRPCChannelManager : Selected collector grpc service running, reconnect:true. 
DEBUG 2021-05-12 12:29:14:144 SkywalkingAgent-8-ServiceManagementClient-0 ServiceManagementClient : ServiceManagementClient running, status:DISCONNECT. 
DEBUG 2021-05-12 12:29:44:148 SkywalkingAgent-5-GRPCChannelManager-0 GRPCChannelManager : Selected collector grpc service running, reconnect:true. 
DEBUG 2021-05-12 12:29:44:148 SkywalkingAgent-8-ServiceManagementClient-0 ServiceManagementClient : ServiceManagementClient running, status:DISCONNECT. 
DEBUG 2021-05-12 12:30:14:149 SkywalkingAgent-5-GRPCChannelManager-0 GRPCChannelManager : Selected collector grpc service running, reconnect:true. 
DEBUG 2021-05-12 12:30:14:149 SkywalkingAgent-8-ServiceManagementClient-0 ServiceManagementClient : ServiceManagementClient running, status:DISCONNECT. 
DEBUG 2021-05-12 12:30:44:137 SkywalkingAgent-5-GRPCChannelManager-0 GRPCChannelManager : Selected collector grpc service running, reconnect:true. 
DEBUG 2021-05-12 12:30:44:154 SkywalkingAgent-8-ServiceManagementClient-0 ServiceManagementClient : ServiceManagementClient running, status:DISCONNECT. 
DEBUG 2021-05-12 12:31:14:149 SkywalkingAgent-5-GRPCChannelManager-0 GRPCChannelManager : Selected collector grpc service running, reconnect:true. 
DEBUG 2021-05-12 12:31:14:149 SkywalkingAgent-8-ServiceManagementClient-0 ServiceManagementClient : ServiceManagementClient running, status:DISCONNECT. 
DEBUG 2021-05-12 12:31:44:138 SkywalkingAgent-5-GRPCChannelManager-0 GRPCChannelManager : Selected collector grpc service running, reconnect:true. 
DEBUG 2021-05-12 12:31:44:154 SkywalkingAgent-8-ServiceManagementClient-0 ServiceManagementClient : ServiceManagementClient running, status:DISCONNECT. 
DEBUG 2021-05-12 12:32:14:146 SkywalkingAgent-5-GRPCChannelManager-0 GRPCChannelManager : Selected collector grpc service running, reconnect:true. 
DEBUG 2021-05-12 12:32:14:146 SkywalkingAgent-8-ServiceManagementClient-0 ServiceManagementClient : ServiceManagementClient running, status:DISCONNECT. 
DEBUG 2021-05-12 12:32:44:145 SkywalkingAgent-5-GRPCChannelManager-0 GRPCChannelManager : Selected collector grpc service running, reconnect:true. 
DEBUG 2021-05-12 12:32:44:145 SkywalkingAgent-8-ServiceManagementClient-0 ServiceManagementClient : ServiceManagementClient running, status:DISCONNECT. 
DEBUG 2021-05-12 12:33:14:147 SkywalkingAgent-5-GRPCChannelManager-0 GRPCChannelManager : Selected collector grpc service running, reconnect:true. 
DEBUG 2021-05-12 12:33:14:147 SkywalkingAgent-8-ServiceManagementClient-0 ServiceManagementClient : ServiceManagementClient running, status:DISCONNECT. 
DEBUG 2021-05-12 12:33:44:152 SkywalkingAgent-8-ServiceManagementClient-0 ServiceManagementClient : ServiceManagementClient running, status:DISCONNECT. 
DEBUG 2021-05-12 12:33:44:152 SkywalkingAgent-5-GRPCChannelManager-0 GRPCChannelManager : Selected collector grpc service running, reconnect:true. 
DEBUG 2021-05-12 12:34:14:152 SkywalkingAgent-5-GRPCChannelManager-0 GRPCChannelManager : Selected collector grpc service running, reconnect:true. 
DEBUG 2021-05-12 12:34:14:152 SkywalkingAgent-8-ServiceManagementClient-0 ServiceManagementClient : ServiceManagementClient running, status:DISCONNECT. 
DEBUG 2021-05-12 12:34:44:145 SkywalkingAgent-5-GRPCChannelManager-0 GRPCChannelManager : Selected collector grpc service running, reconnect:true. 
DEBUG 2021-05-12 12:34:44:145 SkywalkingAgent-8-ServiceManagementClient-0 ServiceManagementClient : ServiceManagementClient running, status:DISCONNECT. 
DEBUG 2021-05-12 12:35:14:140 SkywalkingAgent-5-GRPCChannelManager-0 GRPCChannelManager : Selected collector grpc service running, reconnect:true. 
DEBUG 2021-05-12 12:35:14:140 SkywalkingAgent-8-ServiceManagementClient-0 ServiceManagementClient : ServiceManagementClient running, status:DISCONNECT. 
DEBUG 2021-05-12 12:35:44:150 SkywalkingAgent-5-GRPCChannelManager-0 GRPCChannelManager : Selected collector grpc service running, reconnect:true. 
DEBUG 2021-05-12 12:35:44:150 SkywalkingAgent-8-ServiceManagementClient-0 ServiceManagementClient : ServiceManagementClient running, status:DISCONNECT. 
DEBUG 2021-05-12 12:36:14:148 SkywalkingAgent-8-ServiceManagementClient-0 ServiceManagementClient : ServiceManagementClient running, status:DISCONNECT. 
DEBUG 2021-05-12 12:36:14:148 SkywalkingAgent-5-GRPCChannelManager-0 GRPCChannelManager : Selected collector grpc service running, reconnect:true. 
DEBUG 2021-05-12 12:36:44:148 SkywalkingAgent-8-ServiceManagementClient-0 ServiceManagementClient : ServiceManagementClient running, status:DISCONNECT. 
DEBUG 2021-05-12 12:36:44:148 SkywalkingAgent-5-GRPCChannelManager-0 GRPCChannelManager : Selected collector grpc service running, reconnect:true. 
DEBUG 2021-05-12 12:37:14:144 SkywalkingAgent-5-GRPCChannelManager-0 GRPCChannelManager : Selected collector grpc service running, reconnect:true. 
DEBUG 2021-05-12 12:37:14:144 SkywalkingAgent-8-ServiceManagementClient-0 ServiceManagementClient : ServiceManagementClient running, status:DISCONNECT. 
DEBUG 2021-05-12 12:37:44:137 SkywalkingAgent-5-GRPCChannelManager-0 GRPCChannelManager : Selected collector grpc service running, reconnect:true. 
DEBUG 2021-05-12 12:37:44:153 SkywalkingAgent-8-ServiceManagementClient-0 ServiceManagementClient : ServiceManagementClient running, status:DISCONNECT. 
DEBUG 2021-05-12 12:38:14:150 SkywalkingAgent-8-ServiceManagementClient-0 ServiceManagementClient : ServiceManagementClient running, status:DISCONNECT. 
DEBUG 2021-05-12 12:38:14:150 SkywalkingAgent-5-GRPCChannelManager-0 GRPCChannelManager : Selected collector grpc service running, reconnect:true. 
DEBUG 2021-05-12 12:38:44:148 SkywalkingAgent-5-GRPCChannelManager-0 GRPCChannelManager : Selected collector grpc service running, reconnect:true. 
DEBUG 2021-05-12 12:38:44:148 SkywalkingAgent-8-ServiceManagementClient-0 ServiceManagementClient : ServiceManagementClient running, status:DISCONNECT. 
DEBUG 2021-05-12 12:39:14:148 SkywalkingAgent-5-GRPCChannelManager-0 GRPCChannelManager : Selected collector grpc service running, reconnect:true. 
DEBUG 2021-05-12 12:39:14:148 SkywalkingAgent-8-ServiceManagementClient-0 ServiceManagementClient : ServiceManagementClient running, status:DISCONNECT. 
DEBUG 2021-05-12 12:39:44:137 SkywalkingAgent-5-GRPCChannelManager-0 GRPCChannelManager : Selected collector grpc service running, reconnect:true. 
DEBUG 2021-05-12 12:39:44:153 SkywalkingAgent-8-ServiceManagementClient-0 ServiceManagementClient : ServiceManagementClient running, status:DISCONNECT. 
DEBUG 2021-05-12 12:40:14:144 SkywalkingAgent-5-GRPCChannelManager-0 GRPCChannelManager : Selected collector grpc service running, reconnect:true. 
DEBUG 2021-05-12 12:40:14:144 SkywalkingAgent-8-ServiceManagementClient-0 ServiceManagementClient : ServiceManagementClient running, status:DISCONNECT. 
DEBUG 2021-05-12 12:40:44:141 SkywalkingAgent-5-GRPCChannelManager-0 GRPCChannelManager : Selected collector grpc service running, reconnect:true. 
DEBUG 2021-05-12 12:40:44:141 SkywalkingAgent-8-ServiceManagementClient-0 ServiceManagementClient : ServiceManagementClient running, status:DISCONNECT. 
DEBUG 2021-05-12 12:41:14:148 SkywalkingAgent-5-GRPCChannelManager-0 GRPCChannelManager : Selected collector grpc service running, reconnect:true. 
DEBUG 2021-05-12 12:41:14:148 SkywalkingAgent-8-ServiceManagementClient-0 ServiceManagementClient : ServiceManagementClient running, status:DISCONNECT. 
DEBUG 2021-05-12 12:41:44:149 SkywalkingAgent-5-GRPCChannelManager-0 GRPCChannelManager : Selected collector grpc service running, reconnect:true. 
DEBUG 2021-05-12 12:41:44:150 SkywalkingAgent-8-ServiceManagementClient-0 ServiceManagementClient : ServiceManagementClient running, status:DISCONNECT. 
DEBUG 2021-05-12 12:42:14:151 SkywalkingAgent-5-GRPCChannelManager-0 GRPCChannelManager : Selected collector grpc service running, reconnect:true. 
DEBUG 2021-05-12 12:42:14:151 SkywalkingAgent-8-ServiceManagementClient-0 ServiceManagementClient : ServiceManagementClient running, status:DISCONNECT. 
DEBUG 2021-05-12 12:42:44:145 SkywalkingAgent-5-GRPCChannelManager-0 GRPCChannelManager : Selected collector grpc service running, reconnect:true. 
DEBUG 2021-05-12 12:42:44:145 SkywalkingAgent-8-ServiceManagementClient-0 ServiceManagementClient : ServiceManagementClient running, status:DISCONNECT. 
DEBUG 2021-05-12 12:43:14:136 SkywalkingAgent-5-GRPCChannelManager-0 GRPCChannelManager : Selected collector grpc service running, reconnect:true. 
DEBUG 2021-05-12 12:43:14:152 SkywalkingAgent-8-ServiceManagementClient-0 ServiceManagementClient : ServiceManagementClient running, status:DISCONNECT. 
DEBUG 2021-05-12 12:43:44:151 SkywalkingAgent-5-GRPCChannelManager-0 GRPCChannelManager : Selected collector grpc service running, reconnect:true. 
DEBUG 2021-05-12 12:43:44:151 SkywalkingAgent-8-ServiceManagementClient-0 ServiceManagementClient : ServiceManagementClient running, status:DISCONNECT. 
DEBUG 2021-05-12 12:44:14:145 SkywalkingAgent-8-ServiceManagementClient-0 ServiceManagementClient : ServiceManagementClient running, status:DISCONNECT. 
DEBUG 2021-05-12 12:44:14:145 SkywalkingAgent-5-GRPCChannelManager-0 GRPCChannelManager : Selected collector grpc service running, reconnect:true. 
DEBUG 2021-05-12 12:44:44:149 SkywalkingAgent-8-ServiceManagementClient-0 ServiceManagementClient : ServiceManagementClient running, status:DISCONNECT. 
DEBUG 2021-05-12 12:44:44:149 SkywalkingAgent-5-GRPCChannelManager-0 GRPCChannelManager : Selected collector grpc service running, reconnect:true. 
DEBUG 2021-05-12 12:45:14:149 SkywalkingAgent-5-GRPCChannelManager-0 GRPCChannelManager : Selected collector grpc service running, reconnect:true. 
DEBUG 2021-05-12 12:45:14:149 SkywalkingAgent-8-ServiceManagementClient-0 ServiceManagementClient : ServiceManagementClient running, status:DISCONNECT. 
DEBUG 2021-05-12 12:45:44:140 SkywalkingAgent-5-GRPCChannelManager-0 GRPCChannelManager : Selected collector grpc service running, reconnect:true. 
DEBUG 2021-05-12 12:45:44:140 SkywalkingAgent-8-ServiceManagementClient-0 ServiceManagementClient : ServiceManagementClient running, status:DISCONNECT. 
DEBUG 2021-05-12 12:46:14:146 SkywalkingAgent-8-ServiceManagementClient-0 ServiceManagementClient : ServiceManagementClient running, status:DISCONNECT. 
DEBUG 2021-05-12 12:46:14:146 SkywalkingAgent-5-GRPCChannelManager-0 GRPCChannelManager : Selected collector grpc service running, reconnect:true. 
DEBUG 2021-05-12 12:46:44:139 SkywalkingAgent-5-GRPCChannelManager-0 GRPCChannelManager : Selected collector grpc service running, reconnect:true. 
DEBUG 2021-05-12 12:46:44:154 SkywalkingAgent-8-ServiceManagementClient-0 ServiceManagementClient : ServiceManagementClient running, status:DISCONNECT. 
DEBUG 2021-05-12 12:47:14:141 SkywalkingAgent-5-GRPCChannelManager-0 GRPCChannelManager : Selected collector grpc service running, reconnect:true. 
DEBUG 2021-05-12 12:47:14:141 SkywalkingAgent-8-ServiceManagementClient-0 ServiceManagementClient : ServiceManagementClient running, status:DISCONNECT. 
DEBUG 2021-05-12 12:47:44:147 SkywalkingAgent-5-GRPCChannelManager-0 GRPCChannelManager : Selected collector grpc service running, reconnect:true. 
DEBUG 2021-05-12 12:47:44:147 SkywalkingAgent-8-ServiceManagementClient-0 ServiceManagementClient : ServiceManagementClient running, status:DISCONNECT. 
DEBUG 2021-05-12 12:48:14:137 SkywalkingAgent-5-GRPCChannelManager-0 GRPCChannelManager : Selected collector grpc service running, reconnect:true. 
DEBUG 2021-05-12 12:48:14:153 SkywalkingAgent-8-ServiceManagementClient-0 ServiceManagementClient : ServiceManagementClient running, status:DISCONNECT. 
DEBUG 2021-05-12 12:48:44:146 SkywalkingAgent-8-ServiceManagementClient-0 ServiceManagementClient : ServiceManagementClient running, status:DISCONNECT. 
DEBUG 2021-05-12 12:48:44:146 SkywalkingAgent-5-GRPCChannelManager-0 GRPCChannelManager : Selected collector grpc service running, reconnect:true. 
DEBUG 2021-05-12 12:49:14:146 SkywalkingAgent-8-ServiceManagementClient-0 ServiceManagementClient : ServiceManagementClient running, status:DISCONNECT. 
DEBUG 2021-05-12 12:49:14:146 SkywalkingAgent-5-GRPCChannelManager-0 GRPCChannelManager : Selected collector grpc service running, reconnect:true. 
DEBUG 2021-05-12 12:49:44:136 SkywalkingAgent-5-GRPCChannelManager-0 GRPCChannelManager : Selected collector grpc service running, reconnect:true. 
DEBUG 2021-05-12 12:49:44:152 SkywalkingAgent-8-ServiceManagementClient-0 ServiceManagementClient : ServiceManagementClient running, status:DISCONNECT. 
DEBUG 2021-05-12 12:50:14:146 SkywalkingAgent-5-GRPCChannelManager-0 GRPCChannelManager : Selected collector grpc service running, reconnect:true. 
DEBUG 2021-05-12 12:50:14:146 SkywalkingAgent-8-ServiceManagementClient-0 ServiceManagementClient : ServiceManagementClient running, status:DISCONNECT. 
DEBUG 2021-05-12 12:50:44:138 SkywalkingAgent-5-GRPCChannelManager-0 GRPCChannelManager : Selected collector grpc service running, reconnect:true. 
DEBUG 2021-05-12 12:50:44:153 SkywalkingAgent-8-ServiceManagementClient-0 ServiceManagementClient : ServiceManagementClient running, status:DISCONNECT. 
DEBUG 2021-05-12 12:51:14:137 SkywalkingAgent-5-GRPCChannelManager-0 GRPCChannelManager : Selected collector grpc service running, reconnect:true. 
DEBUG 2021-05-12 12:51:14:153 SkywalkingAgent-8-ServiceManagementClient-0 ServiceManagementClient : ServiceManagementClient running, status:DISCONNECT. 
DEBUG 2021-05-12 12:51:44:146 SkywalkingAgent-8-ServiceManagementClient-0 ServiceManagementClient : ServiceManagementClient running, status:DISCONNECT. 
DEBUG 2021-05-12 12:51:44:146 SkywalkingAgent-5-GRPCChannelManager-0 GRPCChannelManager : Selected collector grpc service running, reconnect:true. 
DEBUG 2021-05-12 12:52:14:143 SkywalkingAgent-8-ServiceManagementClient-0 ServiceManagementClient : ServiceManagementClient running, status:DISCONNECT. 
DEBUG 2021-05-12 12:52:14:143 SkywalkingAgent-5-GRPCChannelManager-0 GRPCChannelManager : Selected collector grpc service running, reconnect:true. 
DEBUG 2021-05-12 12:52:44:136 SkywalkingAgent-5-GRPCChannelManager-0 GRPCChannelManager : Selected collector grpc service running, reconnect:true. 
DEBUG 2021-05-12 12:52:44:151 SkywalkingAgent-8-ServiceManagementClient-0 ServiceManagementClient : ServiceManagementClient running, status:DISCONNECT. 
DEBUG 2021-05-12 12:53:14:141 SkywalkingAgent-5-GRPCChannelManager-0 GRPCChannelManager : Selected collector grpc service running, reconnect:true. 
DEBUG 2021-05-12 12:53:14:141 SkywalkingAgent-8-ServiceManagementClient-0 ServiceManagementClient : ServiceManagementClient running, status:DISCONNECT. 
DEBUG 2021-05-12 12:53:44:144 SkywalkingAgent-5-GRPCChannelManager-0 GRPCChannelManager : Selected collector grpc service running, reconnect:true. 
DEBUG 2021-05-12 12:53:44:144 SkywalkingAgent-8-ServiceManagementClient-0 ServiceManagementClient : ServiceManagementClient running, status:DISCONNECT. 
DEBUG 2021-05-12 12:54:14:140 SkywalkingAgent-5-GRPCChannelManager-0 GRPCChannelManager : Selected collector grpc service running, reconnect:true. 
DEBUG 2021-05-12 12:54:14:140 SkywalkingAgent-8-ServiceManagementClient-0 ServiceManagementClient : ServiceManagementClient running, status:DISCONNECT. 
DEBUG 2021-05-12 12:54:44:144 SkywalkingAgent-8-ServiceManagementClient-0 ServiceManagementClient : ServiceManagementClient running, status:DISCONNECT. 
DEBUG 2021-05-12 12:54:44:144 SkywalkingAgent-5-GRPCChannelManager-0 GRPCChannelManager : Selected collector grpc service running, reconnect:true. 
DEBUG 2021-05-12 12:55:14:143 SkywalkingAgent-5-GRPCChannelManager-0 GRPCChannelManager : Selected collector grpc service running, reconnect:true. 
DEBUG 2021-05-12 12:55:14:143 SkywalkingAgent-8-ServiceManagementClient-0 ServiceManagementClient : ServiceManagementClient running, status:DISCONNECT. 
DEBUG 2021-05-12 12:55:44:149 SkywalkingAgent-5-GRPCChannelManager-0 GRPCChannelManager : Selected collector grpc service running, reconnect:true. 
DEBUG 2021-05-12 12:55:44:149 SkywalkingAgent-8-ServiceManagementClient-0 ServiceManagementClient : ServiceManagementClient running, status:DISCONNECT. 
DEBUG 2021-05-12 12:56:14:138 SkywalkingAgent-5-GRPCChannelManager-0 GRPCChannelManager : Selected collector grpc service running, reconnect:true. 
DEBUG 2021-05-12 12:56:14:154 SkywalkingAgent-8-ServiceManagementClient-0 ServiceManagementClient : ServiceManagementClient running, status:DISCONNECT. 
DEBUG 2021-05-12 12:56:44:150 SkywalkingAgent-5-GRPCChannelManager-0 GRPCChannelManager : Selected collector grpc service running, reconnect:true. 
DEBUG 2021-05-12 12:56:44:150 SkywalkingAgent-8-ServiceManagementClient-0 ServiceManagementClient : ServiceManagementClient running, status:DISCONNECT. 
DEBUG 2021-05-12 12:57:14:152 SkywalkingAgent-8-ServiceManagementClient-0 ServiceManagementClient : ServiceManagementClient running, status:DISCONNECT. 
DEBUG 2021-05-12 12:57:14:152 SkywalkingAgent-5-GRPCChannelManager-0 GRPCChannelManager : Selected collector grpc service running, reconnect:true. 
DEBUG 2021-05-12 12:57:44:146 SkywalkingAgent-8-ServiceManagementClient-0 ServiceManagementClient : ServiceManagementClient running, status:DISCONNECT. 
DEBUG 2021-05-12 12:57:44:146 SkywalkingAgent-5-GRPCChannelManager-0 GRPCChannelManager : Selected collector grpc service running, reconnect:true. 
DEBUG 2021-05-12 12:58:14:142 SkywalkingAgent-5-GRPCChannelManager-0 GRPCChannelManager : Selected collector grpc service running, reconnect:true. 
DEBUG 2021-05-12 12:58:14:142 SkywalkingAgent-8-ServiceManagementClient-0 ServiceManagementClient : ServiceManagementClient running, status:DISCONNECT. 
DEBUG 2021-05-12 12:58:44:143 SkywalkingAgent-8-ServiceManagementClient-0 ServiceManagementClient : ServiceManagementClient running, status:DISCONNECT. 
DEBUG 2021-05-12 12:58:44:143 SkywalkingAgent-5-GRPCChannelManager-0 GRPCChannelManager : Selected collector grpc service running, reconnect:true. 
DEBUG 2021-05-12 12:59:14:140 SkywalkingAgent-5-GRPCChannelManager-0 GRPCChannelManager : Selected collector grpc service running, reconnect:true. 
DEBUG 2021-05-12 12:59:14:140 SkywalkingAgent-8-ServiceManagementClient-0 ServiceManagementClient : ServiceManagementClient running, status:DISCONNECT. 
DEBUG 2021-05-12 12:59:44:147 SkywalkingAgent-5-GRPCChannelManager-0 GRPCChannelManager : Selected collector grpc service running, reconnect:true. 
DEBUG 2021-05-12 12:59:44:147 SkywalkingAgent-8-ServiceManagementClient-0 ServiceManagementClient : ServiceManagementClient running, status:DISCONNECT. 
DEBUG 2021-05-12 13:00:14:142 SkywalkingAgent-8-ServiceManagementClient-0 ServiceManagementClient : ServiceManagementClient running, status:DISCONNECT. 
DEBUG 2021-05-12 13:00:14:142 SkywalkingAgent-5-GRPCChannelManager-0 GRPCChannelManager : Selected collector grpc service running, reconnect:true. 
DEBUG 2021-05-12 13:00:44:142 SkywalkingAgent-5-GRPCChannelManager-0 GRPCChannelManager : Selected collector grpc service running, reconnect:true. 
DEBUG 2021-05-12 13:00:44:142 SkywalkingAgent-8-ServiceManagementClient-0 ServiceManagementClient : ServiceManagementClient running, status:DISCONNECT. 
DEBUG 2021-05-12 13:01:14:146 SkywalkingAgent-5-GRPCChannelManager-0 GRPCChannelManager : Selected collector grpc service running, reconnect:true. 
DEBUG 2021-05-12 13:01:14:146 SkywalkingAgent-8-ServiceManagementClient-0 ServiceManagementClient : ServiceManagementClient running, status:DISCONNECT. 
DEBUG 2021-05-12 13:01:44:139 SkywalkingAgent-5-GRPCChannelManager-0 GRPCChannelManager : Selected collector grpc service running, reconnect:true. 
DEBUG 2021-05-12 13:01:44:139 SkywalkingAgent-8-ServiceManagementClient-0 ServiceManagementClient : ServiceManagementClient running, status:DISCONNECT. 
DEBUG 2021-05-12 13:02:14:150 SkywalkingAgent-8-ServiceManagementClient-0 ServiceManagementClient : ServiceManagementClient running, status:DISCONNECT. 
DEBUG 2021-05-12 13:02:14:150 SkywalkingAgent-5-GRPCChannelManager-0 GRPCChannelManager : Selected collector grpc service running, reconnect:true. 
DEBUG 2021-05-12 13:02:44:147 SkywalkingAgent-8-ServiceManagementClient-0 ServiceManagementClient : ServiceManagementClient running, status:DISCONNECT. 
DEBUG 2021-05-12 13:02:44:147 SkywalkingAgent-5-GRPCChannelManager-0 GRPCChannelManager : Selected collector grpc service running, reconnect:true. 
DEBUG 2021-05-12 13:03:14:139 SkywalkingAgent-5-GRPCChannelManager-0 GRPCChannelManager : Selected collector grpc service running, reconnect:true. 
DEBUG 2021-05-12 13:03:14:153 SkywalkingAgent-8-ServiceManagementClient-0 ServiceManagementClient : ServiceManagementClient running, status:DISCONNECT. 
DEBUG 2021-05-12 13:03:44:152 SkywalkingAgent-5-GRPCChannelManager-0 GRPCChannelManager : Selected collector grpc service running, reconnect:true. 
DEBUG 2021-05-12 13:03:44:152 SkywalkingAgent-8-ServiceManagementClient-0 ServiceManagementClient : ServiceManagementClient running, status:DISCONNECT. 
DEBUG 2021-05-12 13:04:14:136 SkywalkingAgent-5-GRPCChannelManager-0 GRPCChannelManager : Selected collector grpc service running, reconnect:true. 
DEBUG 2021-05-12 13:04:14:152 SkywalkingAgent-8-ServiceManagementClient-0 ServiceManagementClient : ServiceManagementClient running, status:DISCONNECT. 
DEBUG 2021-05-12 13:04:44:147 SkywalkingAgent-8-ServiceManagementClient-0 ServiceManagementClient : ServiceManagementClient running, status:DISCONNECT. 
DEBUG 2021-05-12 13:04:44:147 SkywalkingAgent-5-GRPCChannelManager-0 GRPCChannelManager : Selected collector grpc service running, reconnect:true. 
DEBUG 2021-05-12 13:05:14:151 SkywalkingAgent-8-ServiceManagementClient-0 ServiceManagementClient : ServiceManagementClient running, status:DISCONNECT. 
DEBUG 2021-05-12 13:05:14:151 SkywalkingAgent-5-GRPCChannelManager-0 GRPCChannelManager : Selected collector grpc service running, reconnect:true. 
DEBUG 2021-05-12 13:05:44:144 SkywalkingAgent-5-GRPCChannelManager-0 GRPCChannelManager : Selected collector grpc service running, reconnect:true. 
DEBUG 2021-05-12 13:05:44:144 SkywalkingAgent-8-ServiceManagementClient-0 ServiceManagementClient : ServiceManagementClient running, status:DISCONNECT. 
DEBUG 2021-05-12 13:06:14:147 SkywalkingAgent-5-GRPCChannelManager-0 GRPCChannelManager : Selected collector grpc service running, reconnect:true. 
DEBUG 2021-05-12 13:06:14:147 SkywalkingAgent-8-ServiceManagementClient-0 ServiceManagementClient : ServiceManagementClient running, status:DISCONNECT. 
