2020-10-20 17:44:01 INFO  [springAppName_IS_UNDEFINED,,,] main org.springframework.context.support.PostProcessorRegistrationDelegate$BeanPostProcessorChecker Bean 'org.springframework.cloud.autoconfigure.ConfigurationPropertiesRebinderAutoConfiguration' of type [org.springframework.cloud.autoconfigure.ConfigurationPropertiesRebinderAutoConfiguration$$EnhancerBySpringCGLIB$$72015540] is not eligible for getting processed by all BeanPostProcessors (for example: not eligible for auto-proxying)
2020-10-20 17:44:02 INFO  [FEBS-Auth,,,] main com.cxf.febs.auth.FebsAuthApplication No active profile set, falling back to default profiles: default
2020-10-20 17:44:03 INFO  [FEBS-Auth,,,] main org.springframework.data.repository.config.RepositoryConfigurationDelegate Multiple Spring Data modules found, entering strict repository configuration mode!
2020-10-20 17:44:03 INFO  [FEBS-Auth,,,] main org.springframework.data.repository.config.RepositoryConfigurationDelegate Bootstrapping Spring Data repositories in DEFAULT mode.
2020-10-20 17:44:03 INFO  [FEBS-Auth,,,] main org.springframework.data.repository.config.RepositoryConfigurationDelegate Finished Spring Data repository scanning in 13ms. Found 0 repository interfaces.
2020-10-20 17:44:03 INFO  [FEBS-Auth,,,] main org.springframework.cloud.context.scope.GenericScope BeanFactory id=7c5821ce-f03d-3dcf-9133-1a5f0fba21b2
2020-10-20 17:44:03 INFO  [FEBS-Auth,,,] main org.springframework.context.support.PostProcessorRegistrationDelegate$BeanPostProcessorChecker Bean 'org.springframework.transaction.annotation.ProxyTransactionManagementConfiguration' of type [org.springframework.transaction.annotation.ProxyTransactionManagementConfiguration$$EnhancerBySpringCGLIB$$55e75243] is not eligible for getting processed by all BeanPostProcessors (for example: not eligible for auto-proxying)
2020-10-20 17:44:03 INFO  [FEBS-Auth,,,] main org.springframework.context.support.PostProcessorRegistrationDelegate$BeanPostProcessorChecker Bean 'spring.datasource.dynamic-com.baomidou.dynamic.datasource.spring.boot.autoconfigure.DynamicDataSourceProperties' of type [com.baomidou.dynamic.datasource.spring.boot.autoconfigure.DynamicDataSourceProperties] is not eligible for getting processed by all BeanPostProcessors (for example: not eligible for auto-proxying)
2020-10-20 17:44:03 INFO  [FEBS-Auth,,,] main org.springframework.context.support.PostProcessorRegistrationDelegate$BeanPostProcessorChecker Bean 'com.baomidou.dynamic.datasource.spring.boot.autoconfigure.DynamicDataSourceAutoConfiguration' of type [com.baomidou.dynamic.datasource.spring.boot.autoconfigure.DynamicDataSourceAutoConfiguration$$EnhancerBySpringCGLIB$$bf75c314] is not eligible for getting processed by all BeanPostProcessors (for example: not eligible for auto-proxying)
2020-10-20 17:44:03 INFO  [FEBS-Auth,,,] main org.springframework.context.support.PostProcessorRegistrationDelegate$BeanPostProcessorChecker Bean 'dsProcessor' of type [com.baomidou.dynamic.datasource.processor.DsHeaderProcessor] is not eligible for getting processed by all BeanPostProcessors (for example: not eligible for auto-proxying)
2020-10-20 17:44:03 INFO  [FEBS-Auth,,,] main org.springframework.context.support.PostProcessorRegistrationDelegate$BeanPostProcessorChecker Bean 'dynamicDatasourceAnnotationAdvisor' of type [com.baomidou.dynamic.datasource.aop.DynamicDataSourceAnnotationAdvisor] is not eligible for getting processed by all BeanPostProcessors (for example: not eligible for auto-proxying)
2020-10-20 17:44:03 INFO  [FEBS-Auth,,,] main org.springframework.context.support.PostProcessorRegistrationDelegate$BeanPostProcessorChecker Bean 'org.springframework.cloud.autoconfigure.ConfigurationPropertiesRebinderAutoConfiguration' of type [org.springframework.cloud.autoconfigure.ConfigurationPropertiesRebinderAutoConfiguration$$EnhancerBySpringCGLIB$$72015540] is not eligible for getting processed by all BeanPostProcessors (for example: not eligible for auto-proxying)
2020-10-20 17:44:03 INFO  [FEBS-Auth,,,] main org.springframework.boot.web.embedded.tomcat.TomcatWebServer Tomcat initialized with port(s): 8101 (http)
2020-10-20 17:44:03 INFO  [FEBS-Auth,,,] main org.apache.coyote.http11.Http11NioProtocol Initializing ProtocolHandler ["http-nio-8101"]
2020-10-20 17:44:03 INFO  [FEBS-Auth,,,] main org.apache.catalina.core.StandardService Starting service [Tomcat]
2020-10-20 17:44:03 INFO  [FEBS-Auth,,,] main org.apache.catalina.core.StandardEngine Starting Servlet engine: [Apache Tomcat/9.0.21]
2020-10-20 17:44:03 INFO  [FEBS-Auth,,,] main org.apache.catalina.core.AprLifecycleListener Loaded APR based Apache Tomcat Native library [1.2.23] using APR version [1.7.0].
2020-10-20 17:44:03 INFO  [FEBS-Auth,,,] main org.apache.catalina.core.AprLifecycleListener APR capabilities: IPv6 [true], sendfile [true], accept filters [false], random [true].
2020-10-20 17:44:03 INFO  [FEBS-Auth,,,] main org.apache.catalina.core.AprLifecycleListener APR/OpenSSL configuration: useAprConnector [false], useOpenSSL [true]
2020-10-20 17:44:03 INFO  [FEBS-Auth,,,] main org.apache.catalina.core.AprLifecycleListener OpenSSL successfully initialized [OpenSSL 1.1.1c  28 May 2019]
2020-10-20 17:44:04 INFO  [FEBS-Auth,,,] main org.apache.catalina.core.ContainerBase.[Tomcat].[localhost].[/] Initializing Spring embedded WebApplicationContext
2020-10-20 17:44:04 INFO  [FEBS-Auth,,,] main org.springframework.web.context.ContextLoader Root WebApplicationContext: initialization completed in 1774 ms
2020-10-20 17:44:04 INFO  [FEBS-Auth,,,] main com.netflix.config.sources.URLConfigurationSource To enable URLs as dynamic configuration sources, define System property archaius.configurationSource.additionalUrls or make config.properties available on classpath.
2020-10-20 17:44:04 INFO  [FEBS-Auth,,,] main com.netflix.config.DynamicPropertyFactory DynamicPropertyFactory is initialized with configuration sources: com.netflix.config.ConcurrentCompositeConfiguration@22d9ca63
2020-10-20 17:44:04 INFO  [FEBS-Auth,,,] main com.zaxxer.hikari.HikariDataSource base - Starting...
2020-10-20 17:44:04 INFO  [FEBS-Auth,,,] main com.zaxxer.hikari.HikariDataSource base - Start completed.
2020-10-20 17:44:04 INFO  [FEBS-Auth,,,] main com.baomidou.dynamic.datasource.DynamicRoutingDataSource 初始共加载 1 个数据源
2020-10-20 17:44:04 INFO  [FEBS-Auth,,,] main com.baomidou.dynamic.datasource.DynamicRoutingDataSource 动态数据源-加载 base 成功
2020-10-20 17:44:04 INFO  [FEBS-Auth,,,] main com.baomidou.dynamic.datasource.DynamicRoutingDataSource 当前的默认数据源是单数据源，数据源名为 base
2020-10-20 17:44:05 INFO  [FEBS-Auth,,,] main org.springframework.boot.actuate.endpoint.web.ServletEndpointRegistrar Registered '/actuator/jolokia' to jolokia-actuator-endpoint
2020-10-20 17:44:07 INFO  [FEBS-Auth,,,] main org.springframework.security.web.DefaultSecurityFilterChain Creating filter chain: OrRequestMatcher [requestMatchers=[Ant [pattern='/oauth/token'], Ant [pattern='/oauth/token_key'], Ant [pattern='/oauth/check_token']]], [org.springframework.security.web.context.request.async.WebAsyncManagerIntegrationFilter@531ec2ca, org.springframework.security.web.context.SecurityContextPersistenceFilter@74fc3fc7, org.springframework.security.web.header.HeaderWriterFilter@5a8d676e, org.springframework.security.web.authentication.logout.LogoutFilter@4ebfb045, org.springframework.security.web.authentication.www.BasicAuthenticationFilter@4fa91d5b, org.springframework.security.web.savedrequest.RequestCacheAwareFilter@1f408ab6, org.springframework.security.web.servletapi.SecurityContextHolderAwareRequestFilter@6c5ae8fd, org.springframework.security.web.authentication.AnonymousAuthenticationFilter@70884875, org.springframework.security.web.session.SessionManagementFilter@1eb906f3, org.springframework.security.web.access.ExceptionTranslationFilter@77ff14ce, org.springframework.security.web.access.intercept.FilterSecurityInterceptor@213835b6]
2020-10-20 17:44:07 INFO  [FEBS-Auth,,,] main org.springframework.security.web.DefaultSecurityFilterChain Creating filter chain: OrRequestMatcher [requestMatchers=[Ant [pattern='/oauth/**']]], [org.springframework.security.web.context.request.async.WebAsyncManagerIntegrationFilter@7b4b8199, org.springframework.security.web.context.SecurityContextPersistenceFilter@49122853, org.springframework.security.web.header.HeaderWriterFilter@4a833595, org.springframework.security.web.authentication.logout.LogoutFilter@6f8ac8d5, com.cxf.febs.auth.filter.ValidateCodeFilter@62ea8931, org.springframework.security.web.savedrequest.RequestCacheAwareFilter@e97f115, org.springframework.security.web.servletapi.SecurityContextHolderAwareRequestFilter@5d6b42cf, org.springframework.security.web.authentication.AnonymousAuthenticationFilter@4bbf20d1, org.springframework.security.web.session.SessionManagementFilter@31006a75, org.springframework.security.web.access.ExceptionTranslationFilter@4ad1a276, org.springframework.security.web.access.intercept.FilterSecurityInterceptor@1e29a81a]
2020-10-20 17:44:07 INFO  [FEBS-Auth,,,] main org.springframework.security.web.DefaultSecurityFilterChain Creating filter chain: OrRequestMatcher [requestMatchers=[Ant [pattern='/**']]], [org.springframework.security.web.context.request.async.WebAsyncManagerIntegrationFilter@504b8705, org.springframework.security.web.context.SecurityContextPersistenceFilter@31693a86, org.springframework.security.web.header.HeaderWriterFilter@25fa6889, org.springframework.security.web.authentication.logout.LogoutFilter@3b30eec5, org.springframework.security.oauth2.provider.authentication.OAuth2AuthenticationProcessingFilter@b70fa38, org.springframework.security.web.savedrequest.RequestCacheAwareFilter@69d2e517, org.springframework.security.web.servletapi.SecurityContextHolderAwareRequestFilter@1f9a7684, org.springframework.security.web.authentication.AnonymousAuthenticationFilter@24a8e40d, org.springframework.security.web.session.SessionManagementFilter@1de73d37, org.springframework.security.web.access.ExceptionTranslationFilter@40b31a16, org.springframework.security.web.access.intercept.FilterSecurityInterceptor@105dc04d]
2020-10-20 17:44:07 INFO  [FEBS-Auth,,,] main com.netflix.config.sources.URLConfigurationSource To enable URLs as dynamic configuration sources, define System property archaius.configurationSource.additionalUrls or make config.properties available on classpath.
2020-10-20 17:44:07 INFO  [FEBS-Auth,,,] main org.springframework.scheduling.concurrent.ThreadPoolTaskExecutor Initializing ExecutorService 'applicationTaskExecutor'
2020-10-20 17:44:07 INFO  [FEBS-Auth,,,] main org.springframework.scheduling.concurrent.ThreadPoolTaskScheduler Initializing ExecutorService
2020-10-20 17:44:08 INFO  [FEBS-Auth,,,] main org.springframework.boot.actuate.endpoint.web.EndpointLinksResolver Exposing 20 endpoint(s) beneath base path '/actuator'
2020-10-20 17:44:08 INFO  [FEBS-Auth,,,] main org.springframework.cloud.netflix.eureka.InstanceInfoFactory Setting initial instance status as: STARTING
2020-10-20 17:44:08 INFO  [FEBS-Auth,,,] main com.netflix.discovery.DiscoveryClient Initializing Eureka in region us-east-1
2020-10-20 17:44:08 INFO  [FEBS-Auth,,,] main com.netflix.discovery.provider.DiscoveryJerseyProvider Using JSON encoding codec LegacyJacksonJson
2020-10-20 17:44:08 INFO  [FEBS-Auth,,,] main com.netflix.discovery.provider.DiscoveryJerseyProvider Using JSON decoding codec LegacyJacksonJson
2020-10-20 17:44:09 INFO  [FEBS-Auth,,,] main com.netflix.discovery.provider.DiscoveryJerseyProvider Using XML encoding codec XStreamXml
2020-10-20 17:44:09 INFO  [FEBS-Auth,,,] main com.netflix.discovery.provider.DiscoveryJerseyProvider Using XML decoding codec XStreamXml
2020-10-20 17:44:09 INFO  [FEBS-Auth,,,] main com.netflix.discovery.shared.resolver.aws.ConfigClusterResolver Resolving eureka endpoints via configuration
2020-10-20 17:44:09 INFO  [FEBS-Auth,,,] main com.netflix.discovery.DiscoveryClient Disable delta property : false
2020-10-20 17:44:09 INFO  [FEBS-Auth,,,] main com.netflix.discovery.DiscoveryClient Single vip registry refresh property : null
2020-10-20 17:44:09 INFO  [FEBS-Auth,,,] main com.netflix.discovery.DiscoveryClient Force full registry fetch : false
2020-10-20 17:44:09 INFO  [FEBS-Auth,,,] main com.netflix.discovery.DiscoveryClient Application is null : false
2020-10-20 17:44:09 INFO  [FEBS-Auth,,,] main com.netflix.discovery.DiscoveryClient Registered Applications size is zero : true
2020-10-20 17:44:09 INFO  [FEBS-Auth,,,] main com.netflix.discovery.DiscoveryClient Application version is -1: true
2020-10-20 17:44:09 INFO  [FEBS-Auth,,,] main com.netflix.discovery.DiscoveryClient Getting all instance registry info from the eureka server
2020-10-20 17:44:09 INFO  [FEBS-Auth,,,] main com.netflix.discovery.DiscoveryClient The response status is 200
2020-10-20 17:44:09 INFO  [FEBS-Auth,,,] main com.netflix.discovery.DiscoveryClient Starting heartbeat executor: renew interval is: 20
2020-10-20 17:44:09 INFO  [FEBS-Auth,,,] main com.netflix.discovery.InstanceInfoReplicator InstanceInfoReplicator onDemand update allowed rate per min is 4
2020-10-20 17:44:09 INFO  [FEBS-Auth,,,] main com.netflix.discovery.DiscoveryClient Discovery Client initialized at timestamp 1603187049900 with initial instances count: 0
2020-10-20 17:44:09 INFO  [FEBS-Auth,,,] main org.springframework.cloud.netflix.eureka.serviceregistry.EurekaServiceRegistry Registering application FEBS-AUTH with eureka with status UP
2020-10-20 17:44:09 INFO  [FEBS-Auth,,,] main com.netflix.discovery.DiscoveryClient Saw local status change event StatusChangeEvent [timestamp=1603187049903, current=UP, previous=STARTING]
2020-10-20 17:44:09 INFO  [FEBS-Auth,,,] DiscoveryClient-InstanceInfoReplicator-0 com.netflix.discovery.DiscoveryClient DiscoveryClient_FEBS-AUTH/DESKTOP-VJQ44UQ:FEBS-Auth:8101: registering service...
2020-10-20 17:44:09 INFO  [FEBS-Auth,,,] main org.apache.coyote.http11.Http11NioProtocol Starting ProtocolHandler ["http-nio-8101"]
2020-10-20 17:44:09 INFO  [FEBS-Auth,,,] main org.springframework.boot.web.embedded.tomcat.TomcatWebServer Tomcat started on port(s): 8101 (http) with context path ''
2020-10-20 17:44:09 INFO  [FEBS-Auth,,,] main org.springframework.cloud.netflix.eureka.serviceregistry.EurekaAutoServiceRegistration Updating port to 8101
2020-10-20 17:44:09 INFO  [FEBS-Auth,,,] main com.cxf.febs.auth.FebsAuthApplication Started FebsAuthApplication in 9.891 seconds (JVM running for 10.972)
2020-10-20 17:44:09 INFO  [FEBS-Auth,,,] DiscoveryClient-InstanceInfoReplicator-0 com.netflix.discovery.DiscoveryClient DiscoveryClient_FEBS-AUTH/DESKTOP-VJQ44UQ:FEBS-Auth:8101 - registration status: 204
2020-10-20 17:44:10 INFO  [FEBS-Auth,,,] RMI TCP Connection(3)-192.168.131.1 org.apache.catalina.core.ContainerBase.[Tomcat].[localhost].[/] Initializing Spring DispatcherServlet 'dispatcherServlet'
2020-10-20 17:44:10 INFO  [FEBS-Auth,,,] RMI TCP Connection(3)-192.168.131.1 org.springframework.web.servlet.DispatcherServlet Initializing Servlet 'dispatcherServlet'
2020-10-20 17:44:10 INFO  [FEBS-Auth,,,] RMI TCP Connection(3)-192.168.131.1 org.springframework.web.servlet.DispatcherServlet Completed initialization in 12 ms
2020-10-20 17:44:10 INFO  [FEBS-Auth,,,] parallel-1 io.lettuce.core.EpollProvider Starting without optional epoll library
2020-10-20 17:44:10 INFO  [FEBS-Auth,,,] parallel-1 io.lettuce.core.KqueueProvider Starting without optional kqueue library
2020-10-20 17:44:12 INFO  [FEBS-Auth,,,] DiscoveryClient-CacheRefreshExecutor-0 com.netflix.discovery.DiscoveryClient Disable delta property : false
2020-10-20 17:44:12 INFO  [FEBS-Auth,,,] DiscoveryClient-CacheRefreshExecutor-0 com.netflix.discovery.DiscoveryClient Single vip registry refresh property : null
2020-10-20 17:44:12 INFO  [FEBS-Auth,,,] DiscoveryClient-CacheRefreshExecutor-0 com.netflix.discovery.DiscoveryClient Force full registry fetch : false
2020-10-20 17:44:12 INFO  [FEBS-Auth,,,] DiscoveryClient-CacheRefreshExecutor-0 com.netflix.discovery.DiscoveryClient Application is null : false
2020-10-20 17:44:12 INFO  [FEBS-Auth,,,] DiscoveryClient-CacheRefreshExecutor-0 com.netflix.discovery.DiscoveryClient Registered Applications size is zero : true
2020-10-20 17:44:12 INFO  [FEBS-Auth,,,] DiscoveryClient-CacheRefreshExecutor-0 com.netflix.discovery.DiscoveryClient Application version is -1: false
2020-10-20 17:44:12 INFO  [FEBS-Auth,,,] DiscoveryClient-CacheRefreshExecutor-0 com.netflix.discovery.DiscoveryClient Getting all instance registry info from the eureka server
2020-10-20 17:44:12 INFO  [FEBS-Auth,,,] DiscoveryClient-CacheRefreshExecutor-0 com.netflix.discovery.DiscoveryClient The response status is 200
2020-10-20 17:44:15 INFO  [FEBS-Auth,,,] DiscoveryClient-CacheRefreshExecutor-0 com.netflix.discovery.DiscoveryClient Disable delta property : false
2020-10-20 17:44:15 INFO  [FEBS-Auth,,,] DiscoveryClient-CacheRefreshExecutor-0 com.netflix.discovery.DiscoveryClient Single vip registry refresh property : null
2020-10-20 17:44:15 INFO  [FEBS-Auth,,,] DiscoveryClient-CacheRefreshExecutor-0 com.netflix.discovery.DiscoveryClient Force full registry fetch : false
2020-10-20 17:44:15 INFO  [FEBS-Auth,,,] DiscoveryClient-CacheRefreshExecutor-0 com.netflix.discovery.DiscoveryClient Application is null : false
2020-10-20 17:44:15 INFO  [FEBS-Auth,,,] DiscoveryClient-CacheRefreshExecutor-0 com.netflix.discovery.DiscoveryClient Registered Applications size is zero : true
2020-10-20 17:44:15 INFO  [FEBS-Auth,,,] DiscoveryClient-CacheRefreshExecutor-0 com.netflix.discovery.DiscoveryClient Application version is -1: false
2020-10-20 17:44:15 INFO  [FEBS-Auth,,,] DiscoveryClient-CacheRefreshExecutor-0 com.netflix.discovery.DiscoveryClient Getting all instance registry info from the eureka server
2020-10-20 17:44:15 INFO  [FEBS-Auth,,,] DiscoveryClient-CacheRefreshExecutor-0 com.netflix.discovery.DiscoveryClient The response status is 200
2020-10-20 17:44:18 INFO  [FEBS-Auth,,,] DiscoveryClient-CacheRefreshExecutor-0 com.netflix.discovery.DiscoveryClient Disable delta property : false
2020-10-20 17:44:18 INFO  [FEBS-Auth,,,] DiscoveryClient-CacheRefreshExecutor-0 com.netflix.discovery.DiscoveryClient Single vip registry refresh property : null
2020-10-20 17:44:18 INFO  [FEBS-Auth,,,] DiscoveryClient-CacheRefreshExecutor-0 com.netflix.discovery.DiscoveryClient Force full registry fetch : false
2020-10-20 17:44:18 INFO  [FEBS-Auth,,,] DiscoveryClient-CacheRefreshExecutor-0 com.netflix.discovery.DiscoveryClient Application is null : false
2020-10-20 17:44:18 INFO  [FEBS-Auth,,,] DiscoveryClient-CacheRefreshExecutor-0 com.netflix.discovery.DiscoveryClient Registered Applications size is zero : true
2020-10-20 17:44:18 INFO  [FEBS-Auth,,,] DiscoveryClient-CacheRefreshExecutor-0 com.netflix.discovery.DiscoveryClient Application version is -1: false
2020-10-20 17:44:18 INFO  [FEBS-Auth,,,] DiscoveryClient-CacheRefreshExecutor-0 com.netflix.discovery.DiscoveryClient Getting all instance registry info from the eureka server
2020-10-20 17:44:18 INFO  [FEBS-Auth,,,] DiscoveryClient-CacheRefreshExecutor-0 com.netflix.discovery.DiscoveryClient The response status is 200
2020-10-20 17:44:21 INFO  [FEBS-Auth,,,] DiscoveryClient-CacheRefreshExecutor-0 com.netflix.discovery.DiscoveryClient Disable delta property : false
2020-10-20 17:44:21 INFO  [FEBS-Auth,,,] DiscoveryClient-CacheRefreshExecutor-0 com.netflix.discovery.DiscoveryClient Single vip registry refresh property : null
2020-10-20 17:44:21 INFO  [FEBS-Auth,,,] DiscoveryClient-CacheRefreshExecutor-0 com.netflix.discovery.DiscoveryClient Force full registry fetch : false
2020-10-20 17:44:21 INFO  [FEBS-Auth,,,] DiscoveryClient-CacheRefreshExecutor-0 com.netflix.discovery.DiscoveryClient Application is null : false
2020-10-20 17:44:21 INFO  [FEBS-Auth,,,] DiscoveryClient-CacheRefreshExecutor-0 com.netflix.discovery.DiscoveryClient Registered Applications size is zero : true
2020-10-20 17:44:21 INFO  [FEBS-Auth,,,] DiscoveryClient-CacheRefreshExecutor-0 com.netflix.discovery.DiscoveryClient Application version is -1: false
2020-10-20 17:44:21 INFO  [FEBS-Auth,,,] DiscoveryClient-CacheRefreshExecutor-0 com.netflix.discovery.DiscoveryClient Getting all instance registry info from the eureka server
2020-10-20 17:44:21 INFO  [FEBS-Auth,,,] DiscoveryClient-CacheRefreshExecutor-0 com.netflix.discovery.DiscoveryClient The response status is 200
2020-10-20 17:44:24 INFO  [FEBS-Auth,,,] DiscoveryClient-CacheRefreshExecutor-0 com.netflix.discovery.DiscoveryClient Disable delta property : false
2020-10-20 17:44:24 INFO  [FEBS-Auth,,,] DiscoveryClient-CacheRefreshExecutor-0 com.netflix.discovery.DiscoveryClient Single vip registry refresh property : null
2020-10-20 17:44:24 INFO  [FEBS-Auth,,,] DiscoveryClient-CacheRefreshExecutor-0 com.netflix.discovery.DiscoveryClient Force full registry fetch : false
2020-10-20 17:44:24 INFO  [FEBS-Auth,,,] DiscoveryClient-CacheRefreshExecutor-0 com.netflix.discovery.DiscoveryClient Application is null : false
2020-10-20 17:44:24 INFO  [FEBS-Auth,,,] DiscoveryClient-CacheRefreshExecutor-0 com.netflix.discovery.DiscoveryClient Registered Applications size is zero : true
2020-10-20 17:44:24 INFO  [FEBS-Auth,,,] DiscoveryClient-CacheRefreshExecutor-0 com.netflix.discovery.DiscoveryClient Application version is -1: false
2020-10-20 17:44:24 INFO  [FEBS-Auth,,,] DiscoveryClient-CacheRefreshExecutor-0 com.netflix.discovery.DiscoveryClient Getting all instance registry info from the eureka server
2020-10-20 17:44:24 INFO  [FEBS-Auth,,,] DiscoveryClient-CacheRefreshExecutor-0 com.netflix.discovery.DiscoveryClient The response status is 200
2020-10-20 17:44:27 INFO  [FEBS-Auth,,,] DiscoveryClient-CacheRefreshExecutor-0 com.netflix.discovery.DiscoveryClient Disable delta property : false
2020-10-20 17:44:27 INFO  [FEBS-Auth,,,] DiscoveryClient-CacheRefreshExecutor-0 com.netflix.discovery.DiscoveryClient Single vip registry refresh property : null
2020-10-20 17:44:27 INFO  [FEBS-Auth,,,] DiscoveryClient-CacheRefreshExecutor-0 com.netflix.discovery.DiscoveryClient Force full registry fetch : false
2020-10-20 17:44:27 INFO  [FEBS-Auth,,,] DiscoveryClient-CacheRefreshExecutor-0 com.netflix.discovery.DiscoveryClient Application is null : false
2020-10-20 17:44:27 INFO  [FEBS-Auth,,,] DiscoveryClient-CacheRefreshExecutor-0 com.netflix.discovery.DiscoveryClient Registered Applications size is zero : true
2020-10-20 17:44:27 INFO  [FEBS-Auth,,,] DiscoveryClient-CacheRefreshExecutor-0 com.netflix.discovery.DiscoveryClient Application version is -1: false
2020-10-20 17:44:27 INFO  [FEBS-Auth,,,] DiscoveryClient-CacheRefreshExecutor-0 com.netflix.discovery.DiscoveryClient Getting all instance registry info from the eureka server
2020-10-20 17:44:27 INFO  [FEBS-Auth,,,] DiscoveryClient-CacheRefreshExecutor-0 com.netflix.discovery.DiscoveryClient The response status is 200
2020-10-20 17:44:30 INFO  [FEBS-Auth,,,] DiscoveryClient-CacheRefreshExecutor-0 com.netflix.discovery.DiscoveryClient Disable delta property : false
2020-10-20 17:44:30 INFO  [FEBS-Auth,,,] DiscoveryClient-CacheRefreshExecutor-0 com.netflix.discovery.DiscoveryClient Single vip registry refresh property : null
2020-10-20 17:44:30 INFO  [FEBS-Auth,,,] DiscoveryClient-CacheRefreshExecutor-0 com.netflix.discovery.DiscoveryClient Force full registry fetch : false
2020-10-20 17:44:30 INFO  [FEBS-Auth,,,] DiscoveryClient-CacheRefreshExecutor-0 com.netflix.discovery.DiscoveryClient Application is null : false
2020-10-20 17:44:30 INFO  [FEBS-Auth,,,] DiscoveryClient-CacheRefreshExecutor-0 com.netflix.discovery.DiscoveryClient Registered Applications size is zero : true
2020-10-20 17:44:30 INFO  [FEBS-Auth,,,] DiscoveryClient-CacheRefreshExecutor-0 com.netflix.discovery.DiscoveryClient Application version is -1: false
2020-10-20 17:44:30 INFO  [FEBS-Auth,,,] DiscoveryClient-CacheRefreshExecutor-0 com.netflix.discovery.DiscoveryClient Getting all instance registry info from the eureka server
2020-10-20 17:44:30 INFO  [FEBS-Auth,,,] DiscoveryClient-CacheRefreshExecutor-0 com.netflix.discovery.DiscoveryClient The response status is 200
2020-10-20 17:46:48 INFO  [FEBS-Auth,,,] registrationTask1 de.codecentric.boot.admin.client.registration.ApplicationRegistrator Application registered itself as 301ae86fdb6c
2020-10-20 17:49:09 INFO  [FEBS-Auth,,,] AsyncResolver-bootstrap-executor-0 com.netflix.discovery.shared.resolver.aws.ConfigClusterResolver Resolving eureka endpoints via configuration
