2020-10-20 17:44:47 INFO  [springAppName_IS_UNDEFINED,,,] main org.springframework.context.support.PostProcessorRegistrationDelegate$BeanPostProcessorChecker Bean 'org.springframework.cloud.autoconfigure.ConfigurationPropertiesRebinderAutoConfiguration' of type [org.springframework.cloud.autoconfigure.ConfigurationPropertiesRebinderAutoConfiguration$$EnhancerBySpringCGLIB$$ed407d81] is not eligible for getting processed by all BeanPostProcessors (for example: not eligible for auto-proxying)
2020-10-20 17:44:48 INFO  [FEBS-Gateway,,,] main com.cxf.febs.gateway.FebsGatewayApplication No active profile set, falling back to default profiles: default
2020-10-20 17:44:49 INFO  [FEBS-Gateway,,,] main org.springframework.data.repository.config.RepositoryConfigurationDelegate Multiple Spring Data modules found, entering strict repository configuration mode!
2020-10-20 17:44:49 INFO  [FEBS-Gateway,,,] main org.springframework.data.repository.config.RepositoryConfigurationDelegate Bootstrapping Spring Data repositories in DEFAULT mode.
2020-10-20 17:44:49 INFO  [FEBS-Gateway,,,] main org.springframework.data.repository.config.RepositoryConfigurationDelegate Finished Spring Data repository scanning in 10ms. Found 0 repository interfaces.
2020-10-20 17:44:49 INFO  [FEBS-Gateway,,,] main org.springframework.cloud.context.scope.GenericScope BeanFactory id=ba319812-2fd6-382c-ae66-3f7f7eb39721
2020-10-20 17:44:49 INFO  [FEBS-Gateway,,,] main org.springframework.context.support.PostProcessorRegistrationDelegate$BeanPostProcessorChecker Bean 'org.springframework.cloud.autoconfigure.ConfigurationPropertiesRebinderAutoConfiguration' of type [org.springframework.cloud.autoconfigure.ConfigurationPropertiesRebinderAutoConfiguration$$EnhancerBySpringCGLIB$$ed407d81] is not eligible for getting processed by all BeanPostProcessors (for example: not eligible for auto-proxying)
2020-10-20 17:44:49 INFO  [FEBS-Gateway,,,] main org.springframework.boot.web.embedded.tomcat.TomcatWebServer Tomcat initialized with port(s): 8301 (http)
2020-10-20 17:44:49 INFO  [FEBS-Gateway,,,] main org.apache.coyote.http11.Http11NioProtocol Initializing ProtocolHandler ["http-nio-8301"]
2020-10-20 17:44:49 INFO  [FEBS-Gateway,,,] main org.apache.catalina.core.StandardService Starting service [Tomcat]
2020-10-20 17:44:49 INFO  [FEBS-Gateway,,,] main org.apache.catalina.core.StandardEngine Starting Servlet engine: [Apache Tomcat/9.0.21]
2020-10-20 17:44:49 INFO  [FEBS-Gateway,,,] main org.apache.catalina.core.AprLifecycleListener Loaded APR based Apache Tomcat Native library [1.2.23] using APR version [1.7.0].
2020-10-20 17:44:49 INFO  [FEBS-Gateway,,,] main org.apache.catalina.core.AprLifecycleListener APR capabilities: IPv6 [true], sendfile [true], accept filters [false], random [true].
2020-10-20 17:44:49 INFO  [FEBS-Gateway,,,] main org.apache.catalina.core.AprLifecycleListener APR/OpenSSL configuration: useAprConnector [false], useOpenSSL [true]
2020-10-20 17:44:49 INFO  [FEBS-Gateway,,,] main org.apache.catalina.core.AprLifecycleListener OpenSSL successfully initialized [OpenSSL 1.1.1c  28 May 2019]
2020-10-20 17:44:50 INFO  [FEBS-Gateway,,,] main org.apache.catalina.core.ContainerBase.[Tomcat].[localhost].[/] Initializing Spring embedded WebApplicationContext
2020-10-20 17:44:50 INFO  [FEBS-Gateway,,,] main org.springframework.web.context.ContextLoader Root WebApplicationContext: initialization completed in 1654 ms
2020-10-20 17:44:50 INFO  [FEBS-Gateway,,,] main com.netflix.config.sources.URLConfigurationSource To enable URLs as dynamic configuration sources, define System property archaius.configurationSource.additionalUrls or make config.properties available on classpath.
2020-10-20 17:44:50 INFO  [FEBS-Gateway,,,] main com.netflix.config.DynamicPropertyFactory DynamicPropertyFactory is initialized with configuration sources: com.netflix.config.ConcurrentCompositeConfiguration@51fc862e
2020-10-20 17:44:51 INFO  [FEBS-Gateway,,,] main org.springframework.boot.actuate.endpoint.web.ServletEndpointRegistrar Registered '/actuator/jolokia' to jolokia-actuator-endpoint
2020-10-20 17:44:51 INFO  [FEBS-Gateway,,,] main org.springframework.boot.actuate.endpoint.web.ServletEndpointRegistrar Registered '/actuator/hystrix.stream' to hystrix.stream-actuator-endpoint
2020-10-20 17:44:51 INFO  [FEBS-Gateway,,,] main org.springframework.boot.autoconfigure.security.servlet.UserDetailsServiceAutoConfiguration 

Using generated security password: 97ff77b7-5d77-4201-afc4-b7f6a539ced6

2020-10-20 17:44:51 INFO  [FEBS-Gateway,,,] main org.springframework.security.web.DefaultSecurityFilterChain Creating filter chain: any request, [org.springframework.security.web.context.request.async.WebAsyncManagerIntegrationFilter@56a05324, org.springframework.security.web.context.SecurityContextPersistenceFilter@403364e9, org.springframework.security.web.header.HeaderWriterFilter@54495935, org.springframework.security.web.authentication.logout.LogoutFilter@13f40d71, org.springframework.security.web.savedrequest.RequestCacheAwareFilter@2fde9469, org.springframework.security.web.servletapi.SecurityContextHolderAwareRequestFilter@289f15e9, org.springframework.security.web.authentication.AnonymousAuthenticationFilter@11e71181, org.springframework.security.web.session.SessionManagementFilter@7f0766ef, org.springframework.security.web.access.ExceptionTranslationFilter@3de79067, org.springframework.security.web.access.intercept.FilterSecurityInterceptor@19fbc594]
2020-10-20 17:44:51 INFO  [FEBS-Gateway,,,] main com.netflix.config.sources.URLConfigurationSource To enable URLs as dynamic configuration sources, define System property archaius.configurationSource.additionalUrls or make config.properties available on classpath.
2020-10-20 17:44:52 INFO  [FEBS-Gateway,,,] main org.springframework.scheduling.concurrent.ThreadPoolTaskExecutor Initializing ExecutorService 'applicationTaskExecutor'
2020-10-20 17:44:52 INFO  [FEBS-Gateway,,,] main org.springframework.scheduling.concurrent.ThreadPoolTaskScheduler Initializing ExecutorService
2020-10-20 17:44:53 INFO  [FEBS-Gateway,,,] main org.springframework.boot.actuate.endpoint.web.EndpointLinksResolver Exposing 23 endpoint(s) beneath base path '/actuator'
2020-10-20 17:44:53 INFO  [FEBS-Gateway,,,] main org.springframework.cloud.netflix.zuul.ZuulFilterInitializer Starting filter initializer
2020-10-20 17:44:53 INFO  [FEBS-Gateway,,,] main org.springframework.cloud.netflix.eureka.InstanceInfoFactory Setting initial instance status as: STARTING
2020-10-20 17:44:53 INFO  [FEBS-Gateway,,,] main com.netflix.discovery.DiscoveryClient Initializing Eureka in region us-east-1
2020-10-20 17:44:53 INFO  [FEBS-Gateway,,,] main com.netflix.discovery.provider.DiscoveryJerseyProvider Using JSON encoding codec LegacyJacksonJson
2020-10-20 17:44:53 INFO  [FEBS-Gateway,,,] main com.netflix.discovery.provider.DiscoveryJerseyProvider Using JSON decoding codec LegacyJacksonJson
2020-10-20 17:44:53 INFO  [FEBS-Gateway,,,] main com.netflix.discovery.provider.DiscoveryJerseyProvider Using XML encoding codec XStreamXml
2020-10-20 17:44:53 INFO  [FEBS-Gateway,,,] main com.netflix.discovery.provider.DiscoveryJerseyProvider Using XML decoding codec XStreamXml
2020-10-20 17:44:53 INFO  [FEBS-Gateway,,,] main com.netflix.discovery.shared.resolver.aws.ConfigClusterResolver Resolving eureka endpoints via configuration
2020-10-20 17:44:53 INFO  [FEBS-Gateway,,,] main com.netflix.discovery.DiscoveryClient Disable delta property : false
2020-10-20 17:44:53 INFO  [FEBS-Gateway,,,] main com.netflix.discovery.DiscoveryClient Single vip registry refresh property : null
2020-10-20 17:44:53 INFO  [FEBS-Gateway,,,] main com.netflix.discovery.DiscoveryClient Force full registry fetch : false
2020-10-20 17:44:53 INFO  [FEBS-Gateway,,,] main com.netflix.discovery.DiscoveryClient Application is null : false
2020-10-20 17:44:53 INFO  [FEBS-Gateway,,,] main com.netflix.discovery.DiscoveryClient Registered Applications size is zero : true
2020-10-20 17:44:53 INFO  [FEBS-Gateway,,,] main com.netflix.discovery.DiscoveryClient Application version is -1: true
2020-10-20 17:44:53 INFO  [FEBS-Gateway,,,] main com.netflix.discovery.DiscoveryClient Getting all instance registry info from the eureka server
2020-10-20 17:44:54 INFO  [FEBS-Gateway,,,] main com.netflix.discovery.DiscoveryClient The response status is 200
2020-10-20 17:44:54 INFO  [FEBS-Gateway,,,] main com.netflix.discovery.DiscoveryClient Starting heartbeat executor: renew interval is: 20
2020-10-20 17:44:54 INFO  [FEBS-Gateway,,,] main com.netflix.discovery.InstanceInfoReplicator InstanceInfoReplicator onDemand update allowed rate per min is 4
2020-10-20 17:44:54 INFO  [FEBS-Gateway,,,] main com.netflix.discovery.DiscoveryClient Discovery Client initialized at timestamp 1603187094011 with initial instances count: 1
2020-10-20 17:44:54 INFO  [FEBS-Gateway,,,] main org.springframework.cloud.netflix.eureka.serviceregistry.EurekaServiceRegistry Registering application FEBS-GATEWAY with eureka with status UP
2020-10-20 17:44:54 INFO  [FEBS-Gateway,,,] main com.netflix.discovery.DiscoveryClient Saw local status change event StatusChangeEvent [timestamp=1603187094215, current=UP, previous=STARTING]
2020-10-20 17:44:54 INFO  [FEBS-Gateway,,,] DiscoveryClient-InstanceInfoReplicator-0 com.netflix.discovery.DiscoveryClient DiscoveryClient_FEBS-GATEWAY/DESKTOP-VJQ44UQ:FEBS-Gateway:8301: registering service...
2020-10-20 17:44:54 INFO  [FEBS-Gateway,,,] main org.apache.coyote.http11.Http11NioProtocol Starting ProtocolHandler ["http-nio-8301"]
2020-10-20 17:44:54 INFO  [FEBS-Gateway,,,] DiscoveryClient-InstanceInfoReplicator-0 com.netflix.discovery.DiscoveryClient DiscoveryClient_FEBS-GATEWAY/DESKTOP-VJQ44UQ:FEBS-Gateway:8301 - registration status: 204
2020-10-20 17:44:54 INFO  [FEBS-Gateway,,,] main org.springframework.boot.web.embedded.tomcat.TomcatWebServer Tomcat started on port(s): 8301 (http) with context path ''
2020-10-20 17:44:54 INFO  [FEBS-Gateway,,,] main org.springframework.cloud.netflix.eureka.serviceregistry.EurekaAutoServiceRegistration Updating port to 8301
2020-10-20 17:44:54 INFO  [FEBS-Gateway,,,] main com.cxf.febs.gateway.FebsGatewayApplication Started FebsGatewayApplication in 8.032 seconds (JVM running for 9.084)
2020-10-20 17:44:54 INFO  [FEBS-Gateway,,,] main com.netflix.config.ChainedDynamicProperty Flipping property: FEBS-Auth.ribbon.ActiveConnectionsLimit to use NEXT property: niws.loadbalancer.availabilityFilteringRule.activeConnectionsLimit = 2147483647
2020-10-20 17:44:54 INFO  [FEBS-Gateway,,,] main com.netflix.util.concurrent.ShutdownEnabledTimer Shutdown hook installed for: NFLoadBalancer-PingTimer-FEBS-Auth
2020-10-20 17:44:54 INFO  [FEBS-Gateway,,,] main com.netflix.loadbalancer.BaseLoadBalancer Client: FEBS-Auth instantiated a LoadBalancer: DynamicServerListLoadBalancer:{NFLoadBalancer:name=FEBS-Auth,current list of Servers=[],Load balancer stats=Zone stats: {},Server stats: []}ServerList:null
2020-10-20 17:44:54 INFO  [FEBS-Gateway,,,] main com.netflix.loadbalancer.DynamicServerListLoadBalancer Using serverListUpdater PollingServerListUpdater
2020-10-20 17:44:54 INFO  [FEBS-Gateway,,,] main com.netflix.config.ChainedDynamicProperty Flipping property: FEBS-Auth.ribbon.ActiveConnectionsLimit to use NEXT property: niws.loadbalancer.availabilityFilteringRule.activeConnectionsLimit = 2147483647
2020-10-20 17:44:54 INFO  [FEBS-Gateway,,,] main com.netflix.loadbalancer.DynamicServerListLoadBalancer DynamicServerListLoadBalancer for client FEBS-Auth initialized: DynamicServerListLoadBalancer:{NFLoadBalancer:name=FEBS-Auth,current list of Servers=[DESKTOP-VJQ44UQ:8101],Load balancer stats=Zone stats: {defaultzone=[Zone:defaultzone;	Instance count:1;	Active connections count: 0;	Circuit breaker tripped count: 0;	Active connections per server: 0.0;]
},Server stats: [[Server:DESKTOP-VJQ44UQ:8101;	Zone:defaultZone;	Total Requests:0;	Successive connection failure:0;	Total blackout seconds:0;	Last connection made:Thu Jan 01 08:00:00 CST 1970;	First connection made: Thu Jan 01 08:00:00 CST 1970;	Active Connections:0;	total failure count in last (1000) msecs:0;	average resp time:0.0;	90 percentile resp time:0.0;	95 percentile resp time:0.0;	min resp time:0.0;	max resp time:0.0;	stddev resp time:0.0]
]}ServerList:org.springframework.cloud.netflix.ribbon.eureka.DomainExtractingServerList@5edd9b4f
2020-10-20 17:44:54 INFO  [FEBS-Gateway,,,] main com.netflix.config.ChainedDynamicProperty Flipping property: FEBS-Server-System.ribbon.ActiveConnectionsLimit to use NEXT property: niws.loadbalancer.availabilityFilteringRule.activeConnectionsLimit = 2147483647
2020-10-20 17:44:54 INFO  [FEBS-Gateway,,,] main com.netflix.util.concurrent.ShutdownEnabledTimer Shutdown hook installed for: NFLoadBalancer-PingTimer-FEBS-Server-System
2020-10-20 17:44:54 INFO  [FEBS-Gateway,,,] main com.netflix.loadbalancer.BaseLoadBalancer Client: FEBS-Server-System instantiated a LoadBalancer: DynamicServerListLoadBalancer:{NFLoadBalancer:name=FEBS-Server-System,current list of Servers=[],Load balancer stats=Zone stats: {},Server stats: []}ServerList:null
2020-10-20 17:44:54 INFO  [FEBS-Gateway,,,] main com.netflix.loadbalancer.DynamicServerListLoadBalancer Using serverListUpdater PollingServerListUpdater
2020-10-20 17:44:54 INFO  [FEBS-Gateway,,,] main com.netflix.loadbalancer.DynamicServerListLoadBalancer DynamicServerListLoadBalancer for client FEBS-Server-System initialized: DynamicServerListLoadBalancer:{NFLoadBalancer:name=FEBS-Server-System,current list of Servers=[],Load balancer stats=Zone stats: {},Server stats: []}ServerList:org.springframework.cloud.netflix.ribbon.eureka.DomainExtractingServerList@320ba79f
2020-10-20 17:44:54 INFO  [FEBS-Gateway,,,] main com.netflix.config.ChainedDynamicProperty Flipping property: FEBS-Server-Test.ribbon.ActiveConnectionsLimit to use NEXT property: niws.loadbalancer.availabilityFilteringRule.activeConnectionsLimit = 2147483647
2020-10-20 17:44:54 INFO  [FEBS-Gateway,,,] main com.netflix.util.concurrent.ShutdownEnabledTimer Shutdown hook installed for: NFLoadBalancer-PingTimer-FEBS-Server-Test
2020-10-20 17:44:54 INFO  [FEBS-Gateway,,,] main com.netflix.loadbalancer.BaseLoadBalancer Client: FEBS-Server-Test instantiated a LoadBalancer: DynamicServerListLoadBalancer:{NFLoadBalancer:name=FEBS-Server-Test,current list of Servers=[],Load balancer stats=Zone stats: {},Server stats: []}ServerList:null
2020-10-20 17:44:54 INFO  [FEBS-Gateway,,,] main com.netflix.loadbalancer.DynamicServerListLoadBalancer Using serverListUpdater PollingServerListUpdater
2020-10-20 17:44:54 INFO  [FEBS-Gateway,,,] main com.netflix.loadbalancer.DynamicServerListLoadBalancer DynamicServerListLoadBalancer for client FEBS-Server-Test initialized: DynamicServerListLoadBalancer:{NFLoadBalancer:name=FEBS-Server-Test,current list of Servers=[],Load balancer stats=Zone stats: {},Server stats: []}ServerList:org.springframework.cloud.netflix.ribbon.eureka.DomainExtractingServerList@2555a986
2020-10-20 17:44:54 INFO  [FEBS-Gateway,,,] RMI TCP Connection(3)-192.168.131.1 org.apache.catalina.core.ContainerBase.[Tomcat].[localhost].[/] Initializing Spring DispatcherServlet 'dispatcherServlet'
2020-10-20 17:44:54 INFO  [FEBS-Gateway,,,] RMI TCP Connection(3)-192.168.131.1 org.springframework.web.servlet.DispatcherServlet Initializing Servlet 'dispatcherServlet'
2020-10-20 17:44:54 INFO  [FEBS-Gateway,,,] RMI TCP Connection(3)-192.168.131.1 org.springframework.web.servlet.DispatcherServlet Completed initialization in 11 ms
2020-10-20 17:44:54 INFO  [FEBS-Gateway,,,] parallel-1 io.lettuce.core.EpollProvider Starting without optional epoll library
2020-10-20 17:44:54 INFO  [FEBS-Gateway,,,] parallel-1 io.lettuce.core.KqueueProvider Starting without optional kqueue library
2020-10-20 17:44:55 INFO  [FEBS-Gateway,,,] PollingServerListUpdater-0 com.netflix.config.ChainedDynamicProperty Flipping property: FEBS-Auth.ribbon.ActiveConnectionsLimit to use NEXT property: niws.loadbalancer.availabilityFilteringRule.activeConnectionsLimit = 2147483647
2020-10-20 17:46:25 INFO  [FEBS-Gateway,,,] PollingServerListUpdater-0 com.netflix.config.ChainedDynamicProperty Flipping property: FEBS-Server-System.ribbon.ActiveConnectionsLimit to use NEXT property: niws.loadbalancer.availabilityFilteringRule.activeConnectionsLimit = 2147483647
2020-10-20 17:46:49 INFO  [FEBS-Gateway,,,] registrationTask1 de.codecentric.boot.admin.client.registration.ApplicationRegistrator Application registered itself as cc010f874c15
2020-10-20 17:46:55 INFO  [FEBS-Gateway,,,] PollingServerListUpdater-0 com.netflix.config.ChainedDynamicProperty Flipping property: FEBS-Server-Test.ribbon.ActiveConnectionsLimit to use NEXT property: niws.loadbalancer.availabilityFilteringRule.activeConnectionsLimit = 2147483647
2020-10-20 17:49:53 INFO  [FEBS-Gateway,,,] AsyncResolver-bootstrap-executor-0 com.netflix.discovery.shared.resolver.aws.ConfigClusterResolver Resolving eureka endpoints via configuration
