2020-10-20 17:43:35 INFO  [springAppName_IS_UNDEFINED,,,] main org.springframework.context.support.PostProcessorRegistrationDelegate$BeanPostProcessorChecker Bean 'org.springframework.cloud.autoconfigure.ConfigurationPropertiesRebinderAutoConfiguration' of type [org.springframework.cloud.autoconfigure.ConfigurationPropertiesRebinderAutoConfiguration$$EnhancerBySpringCGLIB$$32744ef0] is not eligible for getting processed by all BeanPostProcessors (for example: not eligible for auto-proxying)
2020-10-20 17:43:35 INFO  [FEBS-Register,,,] main com.cxf.febs.register.FebsRegisterApplication No active profile set, falling back to default profiles: default
2020-10-20 17:43:36 INFO  [FEBS-Register,,,] main org.springframework.cloud.context.scope.GenericScope BeanFactory id=513a6028-98ba-3362-a39c-fc3a9ffaa2ac
2020-10-20 17:43:36 INFO  [FEBS-Register,,,] main org.springframework.context.support.PostProcessorRegistrationDelegate$BeanPostProcessorChecker Bean 'org.springframework.cloud.autoconfigure.ConfigurationPropertiesRebinderAutoConfiguration' of type [org.springframework.cloud.autoconfigure.ConfigurationPropertiesRebinderAutoConfiguration$$EnhancerBySpringCGLIB$$32744ef0] is not eligible for getting processed by all BeanPostProcessors (for example: not eligible for auto-proxying)
2020-10-20 17:43:36 INFO  [FEBS-Register,,,] main org.springframework.boot.web.embedded.tomcat.TomcatWebServer Tomcat initialized with port(s): 8001 (http)
2020-10-20 17:43:36 INFO  [FEBS-Register,,,] main org.apache.coyote.http11.Http11NioProtocol Initializing ProtocolHandler ["http-nio-8001"]
2020-10-20 17:43:36 INFO  [FEBS-Register,,,] main org.apache.catalina.core.StandardService Starting service [Tomcat]
2020-10-20 17:43:36 INFO  [FEBS-Register,,,] main org.apache.catalina.core.StandardEngine Starting Servlet engine: [Apache Tomcat/9.0.21]
2020-10-20 17:43:36 INFO  [FEBS-Register,,,] main org.apache.catalina.core.AprLifecycleListener Loaded APR based Apache Tomcat Native library [1.2.23] using APR version [1.7.0].
2020-10-20 17:43:36 INFO  [FEBS-Register,,,] main org.apache.catalina.core.AprLifecycleListener APR capabilities: IPv6 [true], sendfile [true], accept filters [false], random [true].
2020-10-20 17:43:36 INFO  [FEBS-Register,,,] main org.apache.catalina.core.AprLifecycleListener APR/OpenSSL configuration: useAprConnector [false], useOpenSSL [true]
2020-10-20 17:43:36 INFO  [FEBS-Register,,,] main org.apache.catalina.core.AprLifecycleListener OpenSSL successfully initialized [OpenSSL 1.1.1c  28 May 2019]
2020-10-20 17:43:37 INFO  [FEBS-Register,,,] main org.apache.catalina.core.ContainerBase.[Tomcat].[localhost].[/register] Initializing Spring embedded WebApplicationContext
2020-10-20 17:43:37 INFO  [FEBS-Register,,,] main org.springframework.web.context.ContextLoader Root WebApplicationContext: initialization completed in 1152 ms
2020-10-20 17:43:37 INFO  [FEBS-Register,,,] main com.netflix.config.sources.URLConfigurationSource To enable URLs as dynamic configuration sources, define System property archaius.configurationSource.additionalUrls or make config.properties available on classpath.
2020-10-20 17:43:37 INFO  [FEBS-Register,,,] main com.netflix.config.DynamicPropertyFactory DynamicPropertyFactory is initialized with configuration sources: com.netflix.config.ConcurrentCompositeConfiguration@2c7106d9
2020-10-20 17:43:37 INFO  [FEBS-Register,,,] main org.springframework.boot.actuate.endpoint.web.ServletEndpointRegistrar Registered '/actuator/jolokia' to jolokia-actuator-endpoint
2020-10-20 17:43:37 INFO  [FEBS-Register,,,] main com.sun.jersey.server.impl.application.WebApplicationImpl Initiating Jersey application, version 'Jersey: 1.19.1 03/11/2016 02:08 PM'
2020-10-20 17:43:38 INFO  [FEBS-Register,,,] main com.netflix.discovery.provider.DiscoveryJerseyProvider Using JSON encoding codec LegacyJacksonJson
2020-10-20 17:43:38 INFO  [FEBS-Register,,,] main com.netflix.discovery.provider.DiscoveryJerseyProvider Using JSON decoding codec LegacyJacksonJson
2020-10-20 17:43:38 INFO  [FEBS-Register,,,] main com.netflix.discovery.provider.DiscoveryJerseyProvider Using XML encoding codec XStreamXml
2020-10-20 17:43:38 INFO  [FEBS-Register,,,] main com.netflix.discovery.provider.DiscoveryJerseyProvider Using XML decoding codec XStreamXml
2020-10-20 17:43:38 INFO  [FEBS-Register,,,] main org.springframework.security.web.DefaultSecurityFilterChain Creating filter chain: any request, [org.springframework.security.web.context.request.async.WebAsyncManagerIntegrationFilter@d6b532f, org.springframework.security.web.context.SecurityContextPersistenceFilter@56c0a61e, org.springframework.security.web.header.HeaderWriterFilter@57c69937, org.springframework.security.web.csrf.CsrfFilter@4b4a2fa8, org.springframework.security.web.authentication.logout.LogoutFilter@64a1116a, org.springframework.security.web.authentication.UsernamePasswordAuthenticationFilter@47a3d56a, org.springframework.security.web.authentication.ui.DefaultLoginPageGeneratingFilter@30159886, org.springframework.security.web.authentication.ui.DefaultLogoutPageGeneratingFilter@2f4d01b6, org.springframework.security.web.authentication.www.BasicAuthenticationFilter@532dacf5, org.springframework.security.web.savedrequest.RequestCacheAwareFilter@5dcf0772, org.springframework.security.web.servletapi.SecurityContextHolderAwareRequestFilter@7f4e5a39, org.springframework.security.web.authentication.AnonymousAuthenticationFilter@112c2930, org.springframework.security.web.session.SessionManagementFilter@446b64b3, org.springframework.security.web.access.ExceptionTranslationFilter@4ae280da, org.springframework.security.web.access.intercept.FilterSecurityInterceptor@4c04216f]
2020-10-20 17:43:38 INFO  [FEBS-Register,,,] main com.netflix.config.sources.URLConfigurationSource To enable URLs as dynamic configuration sources, define System property archaius.configurationSource.additionalUrls or make config.properties available on classpath.
2020-10-20 17:43:38 INFO  [FEBS-Register,,,] main org.springframework.scheduling.concurrent.ThreadPoolTaskExecutor Initializing ExecutorService 'applicationTaskExecutor'
2020-10-20 17:43:39 INFO  [FEBS-Register,,,] main org.springframework.scheduling.concurrent.ThreadPoolTaskScheduler Initializing ExecutorService
2020-10-20 17:43:39 INFO  [FEBS-Register,,,] main org.springframework.boot.actuate.endpoint.web.EndpointLinksResolver Exposing 20 endpoint(s) beneath base path '/actuator'
2020-10-20 17:43:39 INFO  [FEBS-Register,,,] main org.springframework.cloud.netflix.eureka.InstanceInfoFactory Setting initial instance status as: STARTING
2020-10-20 17:43:39 INFO  [FEBS-Register,,,] main com.netflix.discovery.DiscoveryClient Initializing Eureka in region us-east-1
2020-10-20 17:43:39 INFO  [FEBS-Register,,,] main com.netflix.discovery.DiscoveryClient Client configured to neither register nor query for data.
2020-10-20 17:43:39 INFO  [FEBS-Register,,,] main com.netflix.discovery.DiscoveryClient Discovery Client initialized at timestamp 1603187019832 with initial instances count: 0
2020-10-20 17:43:39 INFO  [FEBS-Register,,,] main com.netflix.eureka.DefaultEurekaServerContext Initializing ...
2020-10-20 17:43:39 INFO  [FEBS-Register,,,] main com.netflix.eureka.registry.AbstractInstanceRegistry Finished initializing remote region registries. All known remote regions: []
2020-10-20 17:43:39 INFO  [FEBS-Register,,,] main com.netflix.eureka.DefaultEurekaServerContext Initialized
2020-10-20 17:43:39 INFO  [FEBS-Register,,,] main org.springframework.cloud.netflix.eureka.serviceregistry.EurekaServiceRegistry Registering application FEBS-REGISTER with eureka with status UP
2020-10-20 17:43:39 INFO  [FEBS-Register,,,] Thread-23 org.springframework.cloud.netflix.eureka.server.EurekaServerBootstrap Setting the eureka configuration..
2020-10-20 17:43:39 INFO  [FEBS-Register,,,] Thread-23 org.springframework.cloud.netflix.eureka.server.EurekaServerBootstrap Eureka data center value eureka.datacenter is not set, defaulting to default
2020-10-20 17:43:39 INFO  [FEBS-Register,,,] Thread-23 org.springframework.cloud.netflix.eureka.server.EurekaServerBootstrap Eureka environment value eureka.environment is not set, defaulting to test
2020-10-20 17:43:39 INFO  [FEBS-Register,,,] Thread-23 org.springframework.cloud.netflix.eureka.server.EurekaServerBootstrap isAws returned false
2020-10-20 17:43:39 INFO  [FEBS-Register,,,] Thread-23 org.springframework.cloud.netflix.eureka.server.EurekaServerBootstrap Initialized server context
2020-10-20 17:43:39 INFO  [FEBS-Register,,,] Thread-23 com.netflix.eureka.registry.PeerAwareInstanceRegistryImpl Got 1 instances from neighboring DS node
2020-10-20 17:43:39 INFO  [FEBS-Register,,,] Thread-23 com.netflix.eureka.registry.PeerAwareInstanceRegistryImpl Renew threshold is: 1
2020-10-20 17:43:39 INFO  [FEBS-Register,,,] Thread-23 com.netflix.eureka.registry.PeerAwareInstanceRegistryImpl Changing status to UP
2020-10-20 17:43:39 INFO  [FEBS-Register,,,] main org.apache.coyote.http11.Http11NioProtocol Starting ProtocolHandler ["http-nio-8001"]
2020-10-20 17:43:39 INFO  [FEBS-Register,,,] Thread-23 org.springframework.cloud.netflix.eureka.server.EurekaServerInitializerConfiguration Started Eureka Server
2020-10-20 17:43:39 INFO  [FEBS-Register,,,] main org.springframework.boot.web.embedded.tomcat.TomcatWebServer Tomcat started on port(s): 8001 (http) with context path '/register'
2020-10-20 17:43:39 INFO  [FEBS-Register,,,] main org.springframework.cloud.netflix.eureka.serviceregistry.EurekaAutoServiceRegistration Updating port to 8001
2020-10-20 17:43:39 INFO  [FEBS-Register,,,] main com.cxf.febs.register.FebsRegisterApplication Started FebsRegisterApplication in 6.162 seconds (JVM running for 7.237)
2020-10-20 17:43:40 INFO  [FEBS-Register,,,] RMI TCP Connection(1)-192.168.131.1 org.apache.catalina.core.ContainerBase.[Tomcat].[localhost].[/register] Initializing Spring DispatcherServlet 'dispatcherServlet'
2020-10-20 17:43:40 INFO  [FEBS-Register,,,] RMI TCP Connection(1)-192.168.131.1 org.springframework.web.servlet.DispatcherServlet Initializing Servlet 'dispatcherServlet'
2020-10-20 17:43:40 INFO  [FEBS-Register,,,] RMI TCP Connection(1)-192.168.131.1 org.springframework.web.servlet.DispatcherServlet Completed initialization in 7 ms
2020-10-20 17:44:09 INFO  [FEBS-Register,,,] http-nio-8001-exec-2 com.netflix.eureka.registry.AbstractInstanceRegistry Registered instance FEBS-AUTH/DESKTOP-VJQ44UQ:FEBS-Auth:8101 with status UP (replication=false)
2020-10-20 17:44:39 INFO  [FEBS-Register,,,] Eureka-EvictionTimer com.netflix.eureka.registry.AbstractInstanceRegistry Running the evict task with compensationTime 0ms
2020-10-20 17:44:54 INFO  [FEBS-Register,,,] http-nio-8001-exec-10 com.netflix.eureka.registry.AbstractInstanceRegistry Registered instance FEBS-GATEWAY/DESKTOP-VJQ44UQ:FEBS-Gateway:8301 with status UP (replication=false)
2020-10-20 17:45:39 INFO  [FEBS-Register,,,] Eureka-EvictionTimer com.netflix.eureka.registry.AbstractInstanceRegistry Running the evict task with compensationTime 0ms
2020-10-20 17:45:52 INFO  [FEBS-Register,,,] http-nio-8001-exec-8 com.netflix.eureka.registry.AbstractInstanceRegistry Registered instance FEBS-SERVER-SYSTEM/DESKTOP-VJQ44UQ:FEBS-Server-System:8201 with status UP (replication=false)
2020-10-20 17:46:22 INFO  [FEBS-Register,,,] http-nio-8001-exec-2 com.netflix.eureka.registry.AbstractInstanceRegistry Registered instance FEBS-SERVER-TEST/DESKTOP-VJQ44UQ:FEBS-Server-Test:8202 with status UP (replication=false)
2020-10-20 17:46:39 INFO  [FEBS-Register,,,] Eureka-EvictionTimer com.netflix.eureka.registry.AbstractInstanceRegistry Running the evict task with compensationTime 0ms
2020-10-20 17:46:48 INFO  [FEBS-Register,,,] registrationTask1 de.codecentric.boot.admin.client.registration.ApplicationRegistrator Application registered itself as 0dc934147f76
2020-10-20 17:47:39 INFO  [FEBS-Register,,,] Eureka-EvictionTimer com.netflix.eureka.registry.AbstractInstanceRegistry Running the evict task with compensationTime 0ms
2020-10-20 17:48:39 INFO  [FEBS-Register,,,] Eureka-EvictionTimer com.netflix.eureka.registry.AbstractInstanceRegistry Running the evict task with compensationTime 0ms
2020-10-20 17:49:39 INFO  [FEBS-Register,,,] Eureka-EvictionTimer com.netflix.eureka.registry.AbstractInstanceRegistry Running the evict task with compensationTime 0ms
2020-10-20 17:50:39 INFO  [FEBS-Register,,,] Eureka-EvictionTimer com.netflix.eureka.registry.AbstractInstanceRegistry Running the evict task with compensationTime 0ms
